@@@ Parameters:
@@@ ===========
@@@ version       = 1.04f-danube-check
@@@ input         = iris.unq
@@@ header        = iris.hdr
@@@ output        = iris-cnf_virginica.out
@@@ var. offset   = 0
@@@ print matrix  = undefined (will be changed)
@@@ print formula = mixed
@@@ formula input = iris-cnf_virginica.log

+++ Own names for variables
@@@ print matrix  = hide (redefined)
+++ Arity = 80
+++ Group setosa [50]:
+++ Group versicolor [50]:
+++ Group virginica [50]:
+++ Number of groups = 3

+++ Satisfying: virginica
+++ Falsifying: setosa versicolor

+++ Formula [41] =
	  (4.3<=sepal_length<4.4805 2.964<=sepal_width<3.0845 -> 4.4805<=sepal_length<4.661 4.661<=sepal_length<4.8415 4.8415<=sepal_length<5.022 5.022<=sepal_length<5.2025 5.2025<=sepal_length<5.383 5.383<=sepal_length<5.5635 5.5635<=sepal_length<5.744 5.744<=sepal_length<5.9245 5.9245<=sepal_length<6.105 6.105<=sepal_length<6.2855 6.2855<=sepal_length<6.466 2.241<=sepal_width<2.3615 2.482<=sepal_width<2.6025 2.8435<=sepal_width<2.964 4.8415<=petal_length<5.137 1.305<=petal_width<1.4255 1.4255<=petal_width<1.546)
	* (4.3<=sepal_length<4.4805 -> 4.4805<=sepal_length<4.661 4.661<=sepal_length<4.8415 4.8415<=sepal_length<5.022 5.022<=sepal_length<5.2025 5.2025<=sepal_length<5.383 5.383<=sepal_length<5.5635 5.5635<=sepal_length<5.744 5.744<=sepal_length<5.9245 5.9245<=sepal_length<6.105 6.105<=sepal_length<6.2855 6.2855<=sepal_length<6.466 2.241<=sepal_width<2.3615 2.482<=sepal_width<2.6025 2.8435<=sepal_width<2.964 2.964<=sepal_width<3.0845 4.8415<=petal_length<5.137 1.305<=petal_width<1.4255 1.4255<=petal_width<1.546)
	* (4.4805<=sepal_length<4.661 2.241<=sepal_width<2.3615 -> 4.3<=sepal_length<4.4805 4.661<=sepal_length<4.8415 4.8415<=sepal_length<5.022 5.022<=sepal_length<5.2025 5.2025<=sepal_length<5.383 5.383<=sepal_length<5.5635 5.5635<=sepal_length<5.744 5.744<=sepal_length<5.9245 5.9245<=sepal_length<6.105 6.105<=sepal_length<6.2855 6.2855<=sepal_length<6.466 2.482<=sepal_width<2.6025 2.8435<=sepal_width<2.964 2.964<=sepal_width<3.0845 4.8415<=petal_length<5.137 1.305<=petal_width<1.4255 1.4255<=petal_width<1.546)
	* (4.4805<=sepal_length<4.661 -> 4.3<=sepal_length<4.4805 4.661<=sepal_length<4.8415 4.8415<=sepal_length<5.022 5.022<=sepal_length<5.2025 5.2025<=sepal_length<5.383 5.383<=sepal_length<5.5635 5.5635<=sepal_length<5.744 5.744<=sepal_length<5.9245 5.9245<=sepal_length<6.105 6.105<=sepal_length<6.2855 6.2855<=sepal_length<6.466 2.241<=sepal_width<2.3615 2.482<=sepal_width<2.6025 2.8435<=sepal_width<2.964 2.964<=sepal_width<3.0845 4.8415<=petal_length<5.137 1.305<=petal_width<1.4255 1.4255<=petal_width<1.546)
	* (4.661<=sepal_length<4.8415 2.964<=sepal_width<3.0845 -> 4.3<=sepal_length<4.4805 4.4805<=sepal_length<4.661 4.8415<=sepal_length<5.022 5.022<=sepal_length<5.2025 5.2025<=sepal_length<5.383 5.383<=sepal_length<5.5635 5.5635<=sepal_length<5.744 5.744<=sepal_length<5.9245 5.9245<=sepal_length<6.105 6.105<=sepal_length<6.2855 6.2855<=sepal_length<6.466 2.241<=sepal_width<2.3615 2.482<=sepal_width<2.6025 2.8435<=sepal_width<2.964 4.8415<=petal_length<5.137 1.305<=petal_width<1.4255 1.4255<=petal_width<1.546)
	* (4.661<=sepal_length<4.8415 -> 4.3<=sepal_length<4.4805 4.4805<=sepal_length<4.661 4.8415<=sepal_length<5.022 5.022<=sepal_length<5.2025 5.2025<=sepal_length<5.383 5.383<=sepal_length<5.5635 5.5635<=sepal_length<5.744 5.744<=sepal_length<5.9245 5.9245<=sepal_length<6.105 6.105<=sepal_length<6.2855 6.2855<=sepal_length<6.466 2.241<=sepal_width<2.3615 2.482<=sepal_width<2.6025 2.8435<=sepal_width<2.964 2.964<=sepal_width<3.0845 4.8415<=petal_length<5.137 1.305<=petal_width<1.4255 1.4255<=petal_width<1.546)
	* (4.8415<=sepal_length<5.022 2.241<=sepal_width<2.3615 -> 4.3<=sepal_length<4.4805 4.4805<=sepal_length<4.661 4.661<=sepal_length<4.8415 5.022<=sepal_length<5.2025 5.2025<=sepal_length<5.383 5.383<=sepal_length<5.5635 5.5635<=sepal_length<5.744 5.744<=sepal_length<5.9245 5.9245<=sepal_length<6.105 6.105<=sepal_length<6.2855 6.2855<=sepal_length<6.466 2.482<=sepal_width<2.6025 2.8435<=sepal_width<2.964 2.964<=sepal_width<3.0845 4.8415<=petal_length<5.137 1.305<=petal_width<1.4255 1.4255<=petal_width<1.546)
	* (4.8415<=sepal_length<5.022 2.964<=sepal_width<3.0845 -> 4.3<=sepal_length<4.4805 4.4805<=sepal_length<4.661 4.661<=sepal_length<4.8415 5.022<=sepal_length<5.2025 5.2025<=sepal_length<5.383 5.383<=sepal_length<5.5635 5.5635<=sepal_length<5.744 5.744<=sepal_length<5.9245 5.9245<=sepal_length<6.105 6.105<=sepal_length<6.2855 6.2855<=sepal_length<6.466 2.241<=sepal_width<2.3615 2.482<=sepal_width<2.6025 2.8435<=sepal_width<2.964 4.8415<=petal_length<5.137 1.305<=petal_width<1.4255 1.4255<=petal_width<1.546)
	* (4.8415<=sepal_length<5.022 -> 4.3<=sepal_length<4.4805 4.4805<=sepal_length<4.661 4.661<=sepal_length<4.8415 5.022<=sepal_length<5.2025 5.2025<=sepal_length<5.383 5.383<=sepal_length<5.5635 5.5635<=sepal_length<5.744 5.744<=sepal_length<5.9245 5.9245<=sepal_length<6.105 6.105<=sepal_length<6.2855 6.2855<=sepal_length<6.466 2.241<=sepal_width<2.3615 2.482<=sepal_width<2.6025 2.8435<=sepal_width<2.964 2.964<=sepal_width<3.0845 4.8415<=petal_length<5.137 1.305<=petal_width<1.4255 1.4255<=petal_width<1.546)
	* (5.022<=sepal_length<5.2025 2.482<=sepal_width<2.6025 -> 4.3<=sepal_length<4.4805 4.4805<=sepal_length<4.661 4.661<=sepal_length<4.8415 4.8415<=sepal_length<5.022 5.2025<=sepal_length<5.383 5.383<=sepal_length<5.5635 5.5635<=sepal_length<5.744 5.744<=sepal_length<5.9245 5.9245<=sepal_length<6.105 6.105<=sepal_length<6.2855 6.2855<=sepal_length<6.466 2.241<=sepal_width<2.3615 2.8435<=sepal_width<2.964 2.964<=sepal_width<3.0845 4.8415<=petal_length<5.137 1.305<=petal_width<1.4255 1.4255<=petal_width<1.546)
	* (5.022<=sepal_length<5.2025 1.305<=petal_width<1.4255 -> 4.3<=sepal_length<4.4805 4.4805<=sepal_length<4.661 4.661<=sepal_length<4.8415 4.8415<=sepal_length<5.022 5.2025<=sepal_length<5.383 5.383<=sepal_length<5.5635 5.5635<=sepal_length<5.744 5.744<=sepal_length<5.9245 5.9245<=sepal_length<6.105 6.105<=sepal_length<6.2855 6.2855<=sepal_length<6.466 2.241<=sepal_width<2.3615 2.482<=sepal_width<2.6025 2.8435<=sepal_width<2.964 2.964<=sepal_width<3.0845 4.8415<=petal_length<5.137 1.4255<=petal_width<1.546)
	* (5.022<=sepal_length<5.2025 -> 4.3<=sepal_length<4.4805 4.4805<=sepal_length<4.661 4.661<=sepal_length<4.8415 4.8415<=sepal_length<5.022 5.2025<=sepal_length<5.383 5.383<=sepal_length<5.5635 5.5635<=sepal_length<5.744 5.744<=sepal_length<5.9245 5.9245<=sepal_length<6.105 6.105<=sepal_length<6.2855 6.2855<=sepal_length<6.466 2.241<=sepal_width<2.3615 2.482<=sepal_width<2.6025 2.8435<=sepal_width<2.964 2.964<=sepal_width<3.0845 4.8415<=petal_length<5.137 1.305<=petal_width<1.4255 1.4255<=petal_width<1.546)
	* (5.2025<=sepal_length<5.383 -> 4.3<=sepal_length<4.4805 4.4805<=sepal_length<4.661 4.661<=sepal_length<4.8415 4.8415<=sepal_length<5.022 5.022<=sepal_length<5.2025 5.383<=sepal_length<5.5635 5.5635<=sepal_length<5.744 5.744<=sepal_length<5.9245 5.9245<=sepal_length<6.105 6.105<=sepal_length<6.2855 6.2855<=sepal_length<6.466 2.241<=sepal_width<2.3615 2.482<=sepal_width<2.6025 2.8435<=sepal_width<2.964 2.964<=sepal_width<3.0845 4.8415<=petal_length<5.137 1.305<=petal_width<1.4255 1.4255<=petal_width<1.546)
	* (5.383<=sepal_length<5.5635 2.241<=sepal_width<2.3615 -> 4.3<=sepal_length<4.4805 4.4805<=sepal_length<4.661 4.661<=sepal_length<4.8415 4.8415<=sepal_length<5.022 5.022<=sepal_length<5.2025 5.2025<=sepal_length<5.383 5.5635<=sepal_length<5.744 5.744<=sepal_length<5.9245 5.9245<=sepal_length<6.105 6.105<=sepal_length<6.2855 6.2855<=sepal_length<6.466 2.482<=sepal_width<2.6025 2.8435<=sepal_width<2.964 2.964<=sepal_width<3.0845 4.8415<=petal_length<5.137 1.305<=petal_width<1.4255 1.4255<=petal_width<1.546)
	* (5.383<=sepal_length<5.5635 2.482<=sepal_width<2.6025 -> 4.3<=sepal_length<4.4805 4.4805<=sepal_length<4.661 4.661<=sepal_length<4.8415 4.8415<=sepal_length<5.022 5.022<=sepal_length<5.2025 5.2025<=sepal_length<5.383 5.5635<=sepal_length<5.744 5.744<=sepal_length<5.9245 5.9245<=sepal_length<6.105 6.105<=sepal_length<6.2855 6.2855<=sepal_length<6.466 2.241<=sepal_width<2.3615 2.8435<=sepal_width<2.964 2.964<=sepal_width<3.0845 4.8415<=petal_length<5.137 1.305<=petal_width<1.4255 1.4255<=petal_width<1.546)
	* (5.383<=sepal_length<5.5635 2.964<=sepal_width<3.0845 1.4255<=petal_width<1.546 -> 4.3<=sepal_length<4.4805 4.4805<=sepal_length<4.661 4.661<=sepal_length<4.8415 4.8415<=sepal_length<5.022 5.022<=sepal_length<5.2025 5.2025<=sepal_length<5.383 5.5635<=sepal_length<5.744 5.744<=sepal_length<5.9245 5.9245<=sepal_length<6.105 6.105<=sepal_length<6.2855 6.2855<=sepal_length<6.466 2.241<=sepal_width<2.3615 2.482<=sepal_width<2.6025 2.8435<=sepal_width<2.964 4.8415<=petal_length<5.137 1.305<=petal_width<1.4255)
	* (5.383<=sepal_length<5.5635 -> 4.3<=sepal_length<4.4805 4.4805<=sepal_length<4.661 4.661<=sepal_length<4.8415 4.8415<=sepal_length<5.022 5.022<=sepal_length<5.2025 5.2025<=sepal_length<5.383 5.5635<=sepal_length<5.744 5.744<=sepal_length<5.9245 5.9245<=sepal_length<6.105 6.105<=sepal_length<6.2855 6.2855<=sepal_length<6.466 2.241<=sepal_width<2.3615 2.482<=sepal_width<2.6025 2.8435<=sepal_width<2.964 2.964<=sepal_width<3.0845 4.8415<=petal_length<5.137 1.305<=petal_width<1.4255 1.4255<=petal_width<1.546)
	* (5.5635<=sepal_length<5.744 2.482<=sepal_width<2.6025 -> 4.3<=sepal_length<4.4805 4.4805<=sepal_length<4.661 4.661<=sepal_length<4.8415 4.8415<=sepal_length<5.022 5.022<=sepal_length<5.2025 5.2025<=sepal_length<5.383 5.383<=sepal_length<5.5635 5.744<=sepal_length<5.9245 5.9245<=sepal_length<6.105 6.105<=sepal_length<6.2855 6.2855<=sepal_length<6.466 2.241<=sepal_width<2.3615 2.8435<=sepal_width<2.964 2.964<=sepal_width<3.0845 4.8415<=petal_length<5.137 1.305<=petal_width<1.4255 1.4255<=petal_width<1.546)
	* (5.5635<=sepal_length<5.744 2.8435<=sepal_width<2.964 -> 4.3<=sepal_length<4.4805 4.4805<=sepal_length<4.661 4.661<=sepal_length<4.8415 4.8415<=sepal_length<5.022 5.022<=sepal_length<5.2025 5.2025<=sepal_length<5.383 5.383<=sepal_length<5.5635 5.744<=sepal_length<5.9245 5.9245<=sepal_length<6.105 6.105<=sepal_length<6.2855 6.2855<=sepal_length<6.466 2.241<=sepal_width<2.3615 2.482<=sepal_width<2.6025 2.964<=sepal_width<3.0845 4.8415<=petal_length<5.137 1.305<=petal_width<1.4255 1.4255<=petal_width<1.546)
	* (5.5635<=sepal_length<5.744 2.964<=sepal_width<3.0845 1.4255<=petal_width<1.546 -> 4.3<=sepal_length<4.4805 4.4805<=sepal_length<4.661 4.661<=sepal_length<4.8415 4.8415<=sepal_length<5.022 5.022<=sepal_length<5.2025 5.2025<=sepal_length<5.383 5.383<=sepal_length<5.5635 5.744<=sepal_length<5.9245 5.9245<=sepal_length<6.105 6.105<=sepal_length<6.2855 6.2855<=sepal_length<6.466 2.241<=sepal_width<2.3615 2.482<=sepal_width<2.6025 2.8435<=sepal_width<2.964 4.8415<=petal_length<5.137 1.305<=petal_width<1.4255)
	* (5.5635<=sepal_length<5.744 2.964<=sepal_width<3.0845 -> 4.3<=sepal_length<4.4805 4.4805<=sepal_length<4.661 4.661<=sepal_length<4.8415 4.8415<=sepal_length<5.022 5.022<=sepal_length<5.2025 5.2025<=sepal_length<5.383 5.383<=sepal_length<5.5635 5.744<=sepal_length<5.9245 5.9245<=sepal_length<6.105 6.105<=sepal_length<6.2855 6.2855<=sepal_length<6.466 2.241<=sepal_width<2.3615 2.482<=sepal_width<2.6025 2.8435<=sepal_width<2.964 4.8415<=petal_length<5.137 1.305<=petal_width<1.4255 1.4255<=petal_width<1.546)
	* (5.5635<=sepal_length<5.744 -> 4.3<=sepal_length<4.4805 4.4805<=sepal_length<4.661 4.661<=sepal_length<4.8415 4.8415<=sepal_length<5.022 5.022<=sepal_length<5.2025 5.2025<=sepal_length<5.383 5.383<=sepal_length<5.5635 5.744<=sepal_length<5.9245 5.9245<=sepal_length<6.105 6.105<=sepal_length<6.2855 6.2855<=sepal_length<6.466 2.241<=sepal_width<2.3615 2.482<=sepal_width<2.6025 2.8435<=sepal_width<2.964 2.964<=sepal_width<3.0845 4.8415<=petal_length<5.137 1.305<=petal_width<1.4255 1.4255<=petal_width<1.546)
	* (5.744<=sepal_length<5.9245 2.482<=sepal_width<2.6025 -> 4.3<=sepal_length<4.4805 4.4805<=sepal_length<4.661 4.661<=sepal_length<4.8415 4.8415<=sepal_length<5.022 5.022<=sepal_length<5.2025 5.2025<=sepal_length<5.383 5.383<=sepal_length<5.5635 5.5635<=sepal_length<5.744 5.9245<=sepal_length<6.105 6.105<=sepal_length<6.2855 6.2855<=sepal_length<6.466 2.241<=sepal_width<2.3615 2.8435<=sepal_width<2.964 2.964<=sepal_width<3.0845 4.8415<=petal_length<5.137 1.305<=petal_width<1.4255 1.4255<=petal_width<1.546)
	* (5.744<=sepal_length<5.9245 2.964<=sepal_width<3.0845 1.4255<=petal_width<1.546 -> 4.3<=sepal_length<4.4805 4.4805<=sepal_length<4.661 4.661<=sepal_length<4.8415 4.8415<=sepal_length<5.022 5.022<=sepal_length<5.2025 5.2025<=sepal_length<5.383 5.383<=sepal_length<5.5635 5.5635<=sepal_length<5.744 5.9245<=sepal_length<6.105 6.105<=sepal_length<6.2855 6.2855<=sepal_length<6.466 2.241<=sepal_width<2.3615 2.482<=sepal_width<2.6025 2.8435<=sepal_width<2.964 4.8415<=petal_length<5.137 1.305<=petal_width<1.4255)
	* (5.744<=sepal_length<5.9245 -> 4.3<=sepal_length<4.4805 4.4805<=sepal_length<4.661 4.661<=sepal_length<4.8415 4.8415<=sepal_length<5.022 5.022<=sepal_length<5.2025 5.2025<=sepal_length<5.383 5.383<=sepal_length<5.5635 5.5635<=sepal_length<5.744 5.9245<=sepal_length<6.105 6.105<=sepal_length<6.2855 6.2855<=sepal_length<6.466 2.241<=sepal_width<2.3615 2.482<=sepal_width<2.6025 2.8435<=sepal_width<2.964 2.964<=sepal_width<3.0845 4.8415<=petal_length<5.137 1.305<=petal_width<1.4255 1.4255<=petal_width<1.546)
	* (5.9245<=sepal_length<6.105 2.8435<=sepal_width<2.964 1.305<=petal_width<1.4255 -> 4.3<=sepal_length<4.4805 4.4805<=sepal_length<4.661 4.661<=sepal_length<4.8415 4.8415<=sepal_length<5.022 5.022<=sepal_length<5.2025 5.2025<=sepal_length<5.383 5.383<=sepal_length<5.5635 5.5635<=sepal_length<5.744 5.744<=sepal_length<5.9245 6.105<=sepal_length<6.2855 6.2855<=sepal_length<6.466 2.241<=sepal_width<2.3615 2.482<=sepal_width<2.6025 2.964<=sepal_width<3.0845 4.8415<=petal_length<5.137 1.4255<=petal_width<1.546)
	* (5.9245<=sepal_length<6.105 2.8435<=sepal_width<2.964 1.4255<=petal_width<1.546 -> 4.3<=sepal_length<4.4805 4.4805<=sepal_length<4.661 4.661<=sepal_length<4.8415 4.8415<=sepal_length<5.022 5.022<=sepal_length<5.2025 5.2025<=sepal_length<5.383 5.383<=sepal_length<5.5635 5.5635<=sepal_length<5.744 5.744<=sepal_length<5.9245 6.105<=sepal_length<6.2855 6.2855<=sepal_length<6.466 2.241<=sepal_width<2.3615 2.482<=sepal_width<2.6025 2.964<=sepal_width<3.0845 4.8415<=petal_length<5.137 1.305<=petal_width<1.4255)
	* (5.9245<=sepal_length<6.105 2.964<=sepal_width<3.0845 1.305<=petal_width<1.4255 -> 4.3<=sepal_length<4.4805 4.4805<=sepal_length<4.661 4.661<=sepal_length<4.8415 4.8415<=sepal_length<5.022 5.022<=sepal_length<5.2025 5.2025<=sepal_length<5.383 5.383<=sepal_length<5.5635 5.5635<=sepal_length<5.744 5.744<=sepal_length<5.9245 6.105<=sepal_length<6.2855 6.2855<=sepal_length<6.466 2.241<=sepal_width<2.3615 2.482<=sepal_width<2.6025 2.8435<=sepal_width<2.964 4.8415<=petal_length<5.137 1.4255<=petal_width<1.546)
	* (5.9245<=sepal_length<6.105 4.8415<=petal_length<5.137 -> 4.3<=sepal_length<4.4805 4.4805<=sepal_length<4.661 4.661<=sepal_length<4.8415 4.8415<=sepal_length<5.022 5.022<=sepal_length<5.2025 5.2025<=sepal_length<5.383 5.383<=sepal_length<5.5635 5.5635<=sepal_length<5.744 5.744<=sepal_length<5.9245 6.105<=sepal_length<6.2855 6.2855<=sepal_length<6.466 2.241<=sepal_width<2.3615 2.482<=sepal_width<2.6025 2.8435<=sepal_width<2.964 2.964<=sepal_width<3.0845 1.305<=petal_width<1.4255 1.4255<=petal_width<1.546)
	* (5.9245<=sepal_length<6.105 -> 4.3<=sepal_length<4.4805 4.4805<=sepal_length<4.661 4.661<=sepal_length<4.8415 4.8415<=sepal_length<5.022 5.022<=sepal_length<5.2025 5.2025<=sepal_length<5.383 5.383<=sepal_length<5.5635 5.5635<=sepal_length<5.744 5.744<=sepal_length<5.9245 6.105<=sepal_length<6.2855 6.2855<=sepal_length<6.466 2.241<=sepal_width<2.3615 2.482<=sepal_width<2.6025 2.8435<=sepal_width<2.964 2.964<=sepal_width<3.0845 4.8415<=petal_length<5.137 1.305<=petal_width<1.4255 1.4255<=petal_width<1.546)
	* (6.105<=sepal_length<6.2855 2.8435<=sepal_width<2.964 -> 4.3<=sepal_length<4.4805 4.4805<=sepal_length<4.661 4.661<=sepal_length<4.8415 4.8415<=sepal_length<5.022 5.022<=sepal_length<5.2025 5.2025<=sepal_length<5.383 5.383<=sepal_length<5.5635 5.5635<=sepal_length<5.744 5.744<=sepal_length<5.9245 5.9245<=sepal_length<6.105 6.2855<=sepal_length<6.466 2.241<=sepal_width<2.3615 2.482<=sepal_width<2.6025 2.964<=sepal_width<3.0845 4.8415<=petal_length<5.137 1.305<=petal_width<1.4255 1.4255<=petal_width<1.546)
	* (6.105<=sepal_length<6.2855 1.4255<=petal_width<1.546 -> 4.3<=sepal_length<4.4805 4.4805<=sepal_length<4.661 4.661<=sepal_length<4.8415 4.8415<=sepal_length<5.022 5.022<=sepal_length<5.2025 5.2025<=sepal_length<5.383 5.383<=sepal_length<5.5635 5.5635<=sepal_length<5.744 5.744<=sepal_length<5.9245 5.9245<=sepal_length<6.105 6.2855<=sepal_length<6.466 2.241<=sepal_width<2.3615 2.482<=sepal_width<2.6025 2.8435<=sepal_width<2.964 2.964<=sepal_width<3.0845 4.8415<=petal_length<5.137 1.305<=petal_width<1.4255)
	* (6.2855<=sepal_length<6.466 2.241<=sepal_width<2.3615 -> 4.3<=sepal_length<4.4805 4.4805<=sepal_length<4.661 4.661<=sepal_length<4.8415 4.8415<=sepal_length<5.022 5.022<=sepal_length<5.2025 5.2025<=sepal_length<5.383 5.383<=sepal_length<5.5635 5.5635<=sepal_length<5.744 5.744<=sepal_length<5.9245 5.9245<=sepal_length<6.105 6.105<=sepal_length<6.2855 2.482<=sepal_width<2.6025 2.8435<=sepal_width<2.964 2.964<=sepal_width<3.0845 4.8415<=petal_length<5.137 1.305<=petal_width<1.4255 1.4255<=petal_width<1.546)
	* (6.2855<=sepal_length<6.466 2.482<=sepal_width<2.6025 4.8415<=petal_length<5.137 1.4255<=petal_width<1.546 -> 4.3<=sepal_length<4.4805 4.4805<=sepal_length<4.661 4.661<=sepal_length<4.8415 4.8415<=sepal_length<5.022 5.022<=sepal_length<5.2025 5.2025<=sepal_length<5.383 5.383<=sepal_length<5.5635 5.5635<=sepal_length<5.744 5.744<=sepal_length<5.9245 5.9245<=sepal_length<6.105 6.105<=sepal_length<6.2855 2.241<=sepal_width<2.3615 2.8435<=sepal_width<2.964 2.964<=sepal_width<3.0845 1.305<=petal_width<1.4255)
	* (6.2855<=sepal_length<6.466 2.8435<=sepal_width<2.964 -> 4.3<=sepal_length<4.4805 4.4805<=sepal_length<4.661 4.661<=sepal_length<4.8415 4.8415<=sepal_length<5.022 5.022<=sepal_length<5.2025 5.2025<=sepal_length<5.383 5.383<=sepal_length<5.5635 5.5635<=sepal_length<5.744 5.744<=sepal_length<5.9245 5.9245<=sepal_length<6.105 6.105<=sepal_length<6.2855 2.241<=sepal_width<2.3615 2.482<=sepal_width<2.6025 2.964<=sepal_width<3.0845 4.8415<=petal_length<5.137 1.305<=petal_width<1.4255 1.4255<=petal_width<1.546)
	* (6.2855<=sepal_length<6.466 1.4255<=petal_width<1.546 -> 4.3<=sepal_length<4.4805 4.4805<=sepal_length<4.661 4.661<=sepal_length<4.8415 4.8415<=sepal_length<5.022 5.022<=sepal_length<5.2025 5.2025<=sepal_length<5.383 5.383<=sepal_length<5.5635 5.5635<=sepal_length<5.744 5.744<=sepal_length<5.9245 5.9245<=sepal_length<6.105 6.105<=sepal_length<6.2855 2.241<=sepal_width<2.3615 2.482<=sepal_width<2.6025 2.8435<=sepal_width<2.964 2.964<=sepal_width<3.0845 4.8415<=petal_length<5.137 1.305<=petal_width<1.4255)
	* (2.964<=sepal_width<3.0845 4.8415<=petal_length<5.137 -> 4.3<=sepal_length<4.4805 4.4805<=sepal_length<4.661 4.661<=sepal_length<4.8415 4.8415<=sepal_length<5.022 5.022<=sepal_length<5.2025 5.2025<=sepal_length<5.383 5.383<=sepal_length<5.5635 5.5635<=sepal_length<5.744 5.744<=sepal_length<5.9245 5.9245<=sepal_length<6.105 6.105<=sepal_length<6.2855 6.2855<=sepal_length<6.466 2.241<=sepal_width<2.3615 2.482<=sepal_width<2.6025 2.8435<=sepal_width<2.964 1.305<=petal_width<1.4255 1.4255<=petal_width<1.546)
	* (2.964<=sepal_width<3.0845 1.305<=petal_width<1.4255 -> 4.3<=sepal_length<4.4805 4.4805<=sepal_length<4.661 4.661<=sepal_length<4.8415 4.8415<=sepal_length<5.022 5.022<=sepal_length<5.2025 5.2025<=sepal_length<5.383 5.383<=sepal_length<5.5635 5.5635<=sepal_length<5.744 5.744<=sepal_length<5.9245 5.9245<=sepal_length<6.105 6.105<=sepal_length<6.2855 6.2855<=sepal_length<6.466 2.241<=sepal_width<2.3615 2.482<=sepal_width<2.6025 2.8435<=sepal_width<2.964 4.8415<=petal_length<5.137 1.4255<=petal_width<1.546)
	* (4.8415<=petal_length<5.137 1.4255<=petal_width<1.546 -> 4.3<=sepal_length<4.4805 4.4805<=sepal_length<4.661 4.661<=sepal_length<4.8415 4.8415<=sepal_length<5.022 5.022<=sepal_length<5.2025 5.2025<=sepal_length<5.383 5.383<=sepal_length<5.5635 5.5635<=sepal_length<5.744 5.744<=sepal_length<5.9245 5.9245<=sepal_length<6.105 6.105<=sepal_length<6.2855 6.2855<=sepal_length<6.466 2.241<=sepal_width<2.3615 2.482<=sepal_width<2.6025 2.8435<=sepal_width<2.964 2.964<=sepal_width<3.0845 1.305<=petal_width<1.4255)
	* (1.305<=petal_width<1.4255 -> 4.3<=sepal_length<4.4805 4.4805<=sepal_length<4.661 4.661<=sepal_length<4.8415 4.8415<=sepal_length<5.022 5.022<=sepal_length<5.2025 5.2025<=sepal_length<5.383 5.383<=sepal_length<5.5635 5.5635<=sepal_length<5.744 5.744<=sepal_length<5.9245 5.9245<=sepal_length<6.105 6.105<=sepal_length<6.2855 6.2855<=sepal_length<6.466 2.241<=sepal_width<2.3615 2.482<=sepal_width<2.6025 2.8435<=sepal_width<2.964 2.964<=sepal_width<3.0845 4.8415<=petal_length<5.137 1.4255<=petal_width<1.546)
	* (1.4255<=petal_width<1.546 -> 4.3<=sepal_length<4.4805 4.4805<=sepal_length<4.661 4.661<=sepal_length<4.8415 4.8415<=sepal_length<5.022 5.022<=sepal_length<5.2025 5.2025<=sepal_length<5.383 5.383<=sepal_length<5.5635 5.5635<=sepal_length<5.744 5.744<=sepal_length<5.9245 5.9245<=sepal_length<6.105 6.105<=sepal_length<6.2855 6.2855<=sepal_length<6.466 2.241<=sepal_width<2.3615 2.482<=sepal_width<2.6025 2.8435<=sepal_width<2.964 2.964<=sepal_width<3.0845 4.8415<=petal_length<5.137 1.305<=petal_width<1.4255)

+++ Statistics:
    ===========
+++ true  positive (tp)  = 49
+++ true  negative (tn)  = 97
+++ false positive (fp)  = 3
+++ false negative (fn)  = 1
+++ sensitivity    (tpr) = 98      %	 [tp / (tp + fn)]
+++ miss rate      (fnr) = 2       %	 [fn / (fn + tp)]
+++ fall-out       (fnr) = 3       %	 [fp / (fp + tn)]
+++ specificity    (tnr) = 97      %	 [tn / (tn + fp)]
+++ precision      (ppv) = 94.2308 %	 [tp / (tp + fp)]
+++ accuracy       (acc) = 97.3333 %	 [(tp + tn) / (tp + tn + fp +fn)]
+++ F_1 score      (F_1) = 96.0784 %	 [tp / (tp + 0.5 * (fp +fn))]
