@@@ Parameters:
@@@ ===========
@@@ version       = 1.04f-danube-check
@@@ input         = iris.unq
@@@ header        = iris.hdr
@@@ output        = iris-cnf_setosa.out
@@@ var. offset   = 0
@@@ print matrix  = undefined (will be changed)
@@@ print formula = mixed
@@@ formula input = iris-cnf_setosa.log

+++ Own names for variables
@@@ print matrix  = hide (redefined)
+++ Arity = 80
+++ Group setosa [50]:
+++ Group versicolor [50]:
+++ Group virginica [50]:
+++ Number of groups = 3

+++ Satisfying: setosa
+++ Falsifying: versicolor virginica

+++ Formula [28] =
	  (4.8415<=sepal_length<5.022 2<=sepal_width<2.1205 -> 4.3<=sepal_length<4.4805 4.4805<=sepal_length<4.661 4.661<=sepal_length<4.8415 5.022<=sepal_length<5.2025 5.2025<=sepal_length<5.383 5.383<=sepal_length<5.5635 5.5635<=sepal_length<5.744 5.744<=sepal_length<5.9245 2.241<=sepal_width<2.3615 2.3615<=sepal_width<2.482 2.482<=sepal_width<2.6025 2.6025<=sepal_width<2.723 2.723<=sepal_width<2.8435 2.8435<=sepal_width<2.964 2.964<=sepal_width<3.0845 3.0845<=sepal_width<3.205)
	* (4.8415<=sepal_length<5.022 2.241<=sepal_width<2.3615 -> 4.3<=sepal_length<4.4805 4.4805<=sepal_length<4.661 4.661<=sepal_length<4.8415 5.022<=sepal_length<5.2025 5.2025<=sepal_length<5.383 5.383<=sepal_length<5.5635 5.5635<=sepal_length<5.744 5.744<=sepal_length<5.9245 2<=sepal_width<2.1205 2.3615<=sepal_width<2.482 2.482<=sepal_width<2.6025 2.6025<=sepal_width<2.723 2.723<=sepal_width<2.8435 2.8435<=sepal_width<2.964 2.964<=sepal_width<3.0845 3.0845<=sepal_width<3.205)
	* (4.8415<=sepal_length<5.022 2.3615<=sepal_width<2.482 -> 4.3<=sepal_length<4.4805 4.4805<=sepal_length<4.661 4.661<=sepal_length<4.8415 5.022<=sepal_length<5.2025 5.2025<=sepal_length<5.383 5.383<=sepal_length<5.5635 5.5635<=sepal_length<5.744 5.744<=sepal_length<5.9245 2<=sepal_width<2.1205 2.241<=sepal_width<2.3615 2.482<=sepal_width<2.6025 2.6025<=sepal_width<2.723 2.723<=sepal_width<2.8435 2.8435<=sepal_width<2.964 2.964<=sepal_width<3.0845 3.0845<=sepal_width<3.205)
	* (4.8415<=sepal_length<5.022 2.482<=sepal_width<2.6025 -> 4.3<=sepal_length<4.4805 4.4805<=sepal_length<4.661 4.661<=sepal_length<4.8415 5.022<=sepal_length<5.2025 5.2025<=sepal_length<5.383 5.383<=sepal_length<5.5635 5.5635<=sepal_length<5.744 5.744<=sepal_length<5.9245 2<=sepal_width<2.1205 2.241<=sepal_width<2.3615 2.3615<=sepal_width<2.482 2.6025<=sepal_width<2.723 2.723<=sepal_width<2.8435 2.8435<=sepal_width<2.964 2.964<=sepal_width<3.0845 3.0845<=sepal_width<3.205)
	* (5.022<=sepal_length<5.2025 2.482<=sepal_width<2.6025 -> 4.3<=sepal_length<4.4805 4.4805<=sepal_length<4.661 4.661<=sepal_length<4.8415 4.8415<=sepal_length<5.022 5.2025<=sepal_length<5.383 5.383<=sepal_length<5.5635 5.5635<=sepal_length<5.744 5.744<=sepal_length<5.9245 2<=sepal_width<2.1205 2.241<=sepal_width<2.3615 2.3615<=sepal_width<2.482 2.6025<=sepal_width<2.723 2.723<=sepal_width<2.8435 2.8435<=sepal_width<2.964 2.964<=sepal_width<3.0845 3.0845<=sepal_width<3.205)
	* (5.022<=sepal_length<5.2025 2.6025<=sepal_width<2.723 -> 4.3<=sepal_length<4.4805 4.4805<=sepal_length<4.661 4.661<=sepal_length<4.8415 4.8415<=sepal_length<5.022 5.2025<=sepal_length<5.383 5.383<=sepal_length<5.5635 5.5635<=sepal_length<5.744 5.744<=sepal_length<5.9245 2<=sepal_width<2.1205 2.241<=sepal_width<2.3615 2.3615<=sepal_width<2.482 2.482<=sepal_width<2.6025 2.723<=sepal_width<2.8435 2.8435<=sepal_width<2.964 2.964<=sepal_width<3.0845 3.0845<=sepal_width<3.205)
	* (5.383<=sepal_length<5.5635 2.241<=sepal_width<2.3615 -> 4.3<=sepal_length<4.4805 4.4805<=sepal_length<4.661 4.661<=sepal_length<4.8415 4.8415<=sepal_length<5.022 5.022<=sepal_length<5.2025 5.2025<=sepal_length<5.383 5.5635<=sepal_length<5.744 5.744<=sepal_length<5.9245 2<=sepal_width<2.1205 2.3615<=sepal_width<2.482 2.482<=sepal_width<2.6025 2.6025<=sepal_width<2.723 2.723<=sepal_width<2.8435 2.8435<=sepal_width<2.964 2.964<=sepal_width<3.0845 3.0845<=sepal_width<3.205)
	* (5.383<=sepal_length<5.5635 2.3615<=sepal_width<2.482 -> 4.3<=sepal_length<4.4805 4.4805<=sepal_length<4.661 4.661<=sepal_length<4.8415 4.8415<=sepal_length<5.022 5.022<=sepal_length<5.2025 5.2025<=sepal_length<5.383 5.5635<=sepal_length<5.744 5.744<=sepal_length<5.9245 2<=sepal_width<2.1205 2.241<=sepal_width<2.3615 2.482<=sepal_width<2.6025 2.6025<=sepal_width<2.723 2.723<=sepal_width<2.8435 2.8435<=sepal_width<2.964 2.964<=sepal_width<3.0845 3.0845<=sepal_width<3.205)
	* (5.383<=sepal_length<5.5635 2.482<=sepal_width<2.6025 -> 4.3<=sepal_length<4.4805 4.4805<=sepal_length<4.661 4.661<=sepal_length<4.8415 4.8415<=sepal_length<5.022 5.022<=sepal_length<5.2025 5.2025<=sepal_length<5.383 5.5635<=sepal_length<5.744 5.744<=sepal_length<5.9245 2<=sepal_width<2.1205 2.241<=sepal_width<2.3615 2.3615<=sepal_width<2.482 2.6025<=sepal_width<2.723 2.723<=sepal_width<2.8435 2.8435<=sepal_width<2.964 2.964<=sepal_width<3.0845 3.0845<=sepal_width<3.205)
	* (5.383<=sepal_length<5.5635 2.964<=sepal_width<3.0845 -> 4.3<=sepal_length<4.4805 4.4805<=sepal_length<4.661 4.661<=sepal_length<4.8415 4.8415<=sepal_length<5.022 5.022<=sepal_length<5.2025 5.2025<=sepal_length<5.383 5.5635<=sepal_length<5.744 5.744<=sepal_length<5.9245 2<=sepal_width<2.1205 2.241<=sepal_width<2.3615 2.3615<=sepal_width<2.482 2.482<=sepal_width<2.6025 2.6025<=sepal_width<2.723 2.723<=sepal_width<2.8435 2.8435<=sepal_width<2.964 3.0845<=sepal_width<3.205)
	* (5.5635<=sepal_length<5.744 2.482<=sepal_width<2.6025 -> 4.3<=sepal_length<4.4805 4.4805<=sepal_length<4.661 4.661<=sepal_length<4.8415 4.8415<=sepal_length<5.022 5.022<=sepal_length<5.2025 5.2025<=sepal_length<5.383 5.383<=sepal_length<5.5635 5.744<=sepal_length<5.9245 2<=sepal_width<2.1205 2.241<=sepal_width<2.3615 2.3615<=sepal_width<2.482 2.6025<=sepal_width<2.723 2.723<=sepal_width<2.8435 2.8435<=sepal_width<2.964 2.964<=sepal_width<3.0845 3.0845<=sepal_width<3.205)
	* (5.5635<=sepal_length<5.744 2.6025<=sepal_width<2.723 -> 4.3<=sepal_length<4.4805 4.4805<=sepal_length<4.661 4.661<=sepal_length<4.8415 4.8415<=sepal_length<5.022 5.022<=sepal_length<5.2025 5.2025<=sepal_length<5.383 5.383<=sepal_length<5.5635 5.744<=sepal_length<5.9245 2<=sepal_width<2.1205 2.241<=sepal_width<2.3615 2.3615<=sepal_width<2.482 2.482<=sepal_width<2.6025 2.723<=sepal_width<2.8435 2.8435<=sepal_width<2.964 2.964<=sepal_width<3.0845 3.0845<=sepal_width<3.205)
	* (5.5635<=sepal_length<5.744 2.723<=sepal_width<2.8435 -> 4.3<=sepal_length<4.4805 4.4805<=sepal_length<4.661 4.661<=sepal_length<4.8415 4.8415<=sepal_length<5.022 5.022<=sepal_length<5.2025 5.2025<=sepal_length<5.383 5.383<=sepal_length<5.5635 5.744<=sepal_length<5.9245 2<=sepal_width<2.1205 2.241<=sepal_width<2.3615 2.3615<=sepal_width<2.482 2.482<=sepal_width<2.6025 2.6025<=sepal_width<2.723 2.8435<=sepal_width<2.964 2.964<=sepal_width<3.0845 3.0845<=sepal_width<3.205)
	* (5.5635<=sepal_length<5.744 2.8435<=sepal_width<2.964 -> 4.3<=sepal_length<4.4805 4.4805<=sepal_length<4.661 4.661<=sepal_length<4.8415 4.8415<=sepal_length<5.022 5.022<=sepal_length<5.2025 5.2025<=sepal_length<5.383 5.383<=sepal_length<5.5635 5.744<=sepal_length<5.9245 2<=sepal_width<2.1205 2.241<=sepal_width<2.3615 2.3615<=sepal_width<2.482 2.482<=sepal_width<2.6025 2.6025<=sepal_width<2.723 2.723<=sepal_width<2.8435 2.964<=sepal_width<3.0845 3.0845<=sepal_width<3.205)
	* (5.5635<=sepal_length<5.744 2.964<=sepal_width<3.0845 -> 4.3<=sepal_length<4.4805 4.4805<=sepal_length<4.661 4.661<=sepal_length<4.8415 4.8415<=sepal_length<5.022 5.022<=sepal_length<5.2025 5.2025<=sepal_length<5.383 5.383<=sepal_length<5.5635 5.744<=sepal_length<5.9245 2<=sepal_width<2.1205 2.241<=sepal_width<2.3615 2.3615<=sepal_width<2.482 2.482<=sepal_width<2.6025 2.6025<=sepal_width<2.723 2.723<=sepal_width<2.8435 2.8435<=sepal_width<2.964 3.0845<=sepal_width<3.205)
	* (5.744<=sepal_length<5.9245 2.482<=sepal_width<2.6025 -> 4.3<=sepal_length<4.4805 4.4805<=sepal_length<4.661 4.661<=sepal_length<4.8415 4.8415<=sepal_length<5.022 5.022<=sepal_length<5.2025 5.2025<=sepal_length<5.383 5.383<=sepal_length<5.5635 5.5635<=sepal_length<5.744 2<=sepal_width<2.1205 2.241<=sepal_width<2.3615 2.3615<=sepal_width<2.482 2.6025<=sepal_width<2.723 2.723<=sepal_width<2.8435 2.8435<=sepal_width<2.964 2.964<=sepal_width<3.0845 3.0845<=sepal_width<3.205)
	* (5.744<=sepal_length<5.9245 2.6025<=sepal_width<2.723 -> 4.3<=sepal_length<4.4805 4.4805<=sepal_length<4.661 4.661<=sepal_length<4.8415 4.8415<=sepal_length<5.022 5.022<=sepal_length<5.2025 5.2025<=sepal_length<5.383 5.383<=sepal_length<5.5635 5.5635<=sepal_length<5.744 2<=sepal_width<2.1205 2.241<=sepal_width<2.3615 2.3615<=sepal_width<2.482 2.482<=sepal_width<2.6025 2.723<=sepal_width<2.8435 2.8435<=sepal_width<2.964 2.964<=sepal_width<3.0845 3.0845<=sepal_width<3.205)
	* (5.744<=sepal_length<5.9245 2.723<=sepal_width<2.8435 -> 4.3<=sepal_length<4.4805 4.4805<=sepal_length<4.661 4.661<=sepal_length<4.8415 4.8415<=sepal_length<5.022 5.022<=sepal_length<5.2025 5.2025<=sepal_length<5.383 5.383<=sepal_length<5.5635 5.5635<=sepal_length<5.744 2<=sepal_width<2.1205 2.241<=sepal_width<2.3615 2.3615<=sepal_width<2.482 2.482<=sepal_width<2.6025 2.6025<=sepal_width<2.723 2.8435<=sepal_width<2.964 2.964<=sepal_width<3.0845 3.0845<=sepal_width<3.205)
	* (5.744<=sepal_length<5.9245 2.964<=sepal_width<3.0845 -> 4.3<=sepal_length<4.4805 4.4805<=sepal_length<4.661 4.661<=sepal_length<4.8415 4.8415<=sepal_length<5.022 5.022<=sepal_length<5.2025 5.2025<=sepal_length<5.383 5.383<=sepal_length<5.5635 5.5635<=sepal_length<5.744 2<=sepal_width<2.1205 2.241<=sepal_width<2.3615 2.3615<=sepal_width<2.482 2.482<=sepal_width<2.6025 2.6025<=sepal_width<2.723 2.723<=sepal_width<2.8435 2.8435<=sepal_width<2.964 3.0845<=sepal_width<3.205)
	* (5.744<=sepal_length<5.9245 3.0845<=sepal_width<3.205 -> 4.3<=sepal_length<4.4805 4.4805<=sepal_length<4.661 4.661<=sepal_length<4.8415 4.8415<=sepal_length<5.022 5.022<=sepal_length<5.2025 5.2025<=sepal_length<5.383 5.383<=sepal_length<5.5635 5.5635<=sepal_length<5.744 2<=sepal_width<2.1205 2.241<=sepal_width<2.3615 2.3615<=sepal_width<2.482 2.482<=sepal_width<2.6025 2.6025<=sepal_width<2.723 2.723<=sepal_width<2.8435 2.8435<=sepal_width<2.964 2.964<=sepal_width<3.0845)
	* (2.241<=sepal_width<2.3615 -> 4.3<=sepal_length<4.4805 4.4805<=sepal_length<4.661 4.661<=sepal_length<4.8415 4.8415<=sepal_length<5.022 5.022<=sepal_length<5.2025 5.2025<=sepal_length<5.383 5.383<=sepal_length<5.5635 5.5635<=sepal_length<5.744 5.744<=sepal_length<5.9245 2<=sepal_width<2.1205 2.3615<=sepal_width<2.482 2.482<=sepal_width<2.6025 2.6025<=sepal_width<2.723 2.723<=sepal_width<2.8435 2.8435<=sepal_width<2.964 2.964<=sepal_width<3.0845 3.0845<=sepal_width<3.205)
	* (2.482<=sepal_width<2.6025 -> 4.3<=sepal_length<4.4805 4.4805<=sepal_length<4.661 4.661<=sepal_length<4.8415 4.8415<=sepal_length<5.022 5.022<=sepal_length<5.2025 5.2025<=sepal_length<5.383 5.383<=sepal_length<5.5635 5.5635<=sepal_length<5.744 5.744<=sepal_length<5.9245 2<=sepal_width<2.1205 2.241<=sepal_width<2.3615 2.3615<=sepal_width<2.482 2.6025<=sepal_width<2.723 2.723<=sepal_width<2.8435 2.8435<=sepal_width<2.964 2.964<=sepal_width<3.0845 3.0845<=sepal_width<3.205)
	* (2.6025<=sepal_width<2.723 -> 4.3<=sepal_length<4.4805 4.4805<=sepal_length<4.661 4.661<=sepal_length<4.8415 4.8415<=sepal_length<5.022 5.022<=sepal_length<5.2025 5.2025<=sepal_length<5.383 5.383<=sepal_length<5.5635 5.5635<=sepal_length<5.744 5.744<=sepal_length<5.9245 2<=sepal_width<2.1205 2.241<=sepal_width<2.3615 2.3615<=sepal_width<2.482 2.482<=sepal_width<2.6025 2.723<=sepal_width<2.8435 2.8435<=sepal_width<2.964 2.964<=sepal_width<3.0845 3.0845<=sepal_width<3.205)
	* (2.723<=sepal_width<2.8435 -> 4.3<=sepal_length<4.4805 4.4805<=sepal_length<4.661 4.661<=sepal_length<4.8415 4.8415<=sepal_length<5.022 5.022<=sepal_length<5.2025 5.2025<=sepal_length<5.383 5.383<=sepal_length<5.5635 5.5635<=sepal_length<5.744 5.744<=sepal_length<5.9245 2<=sepal_width<2.1205 2.241<=sepal_width<2.3615 2.3615<=sepal_width<2.482 2.482<=sepal_width<2.6025 2.6025<=sepal_width<2.723 2.8435<=sepal_width<2.964 2.964<=sepal_width<3.0845 3.0845<=sepal_width<3.205)
	* (2.8435<=sepal_width<2.964 -> 4.3<=sepal_length<4.4805 4.4805<=sepal_length<4.661 4.661<=sepal_length<4.8415 4.8415<=sepal_length<5.022 5.022<=sepal_length<5.2025 5.2025<=sepal_length<5.383 5.383<=sepal_length<5.5635 5.5635<=sepal_length<5.744 5.744<=sepal_length<5.9245 2<=sepal_width<2.1205 2.241<=sepal_width<2.3615 2.3615<=sepal_width<2.482 2.482<=sepal_width<2.6025 2.6025<=sepal_width<2.723 2.723<=sepal_width<2.8435 2.964<=sepal_width<3.0845 3.0845<=sepal_width<3.205)
	* (2.964<=sepal_width<3.0845 -> 4.3<=sepal_length<4.4805 4.4805<=sepal_length<4.661 4.661<=sepal_length<4.8415 4.8415<=sepal_length<5.022 5.022<=sepal_length<5.2025 5.2025<=sepal_length<5.383 5.383<=sepal_length<5.5635 5.5635<=sepal_length<5.744 5.744<=sepal_length<5.9245 2<=sepal_width<2.1205 2.241<=sepal_width<2.3615 2.3615<=sepal_width<2.482 2.482<=sepal_width<2.6025 2.6025<=sepal_width<2.723 2.723<=sepal_width<2.8435 2.8435<=sepal_width<2.964 3.0845<=sepal_width<3.205)
	* (3.0845<=sepal_width<3.205 -> 4.3<=sepal_length<4.4805 4.4805<=sepal_length<4.661 4.661<=sepal_length<4.8415 4.8415<=sepal_length<5.022 5.022<=sepal_length<5.2025 5.2025<=sepal_length<5.383 5.383<=sepal_length<5.5635 5.5635<=sepal_length<5.744 5.744<=sepal_length<5.9245 2<=sepal_width<2.1205 2.241<=sepal_width<2.3615 2.3615<=sepal_width<2.482 2.482<=sepal_width<2.6025 2.6025<=sepal_width<2.723 2.723<=sepal_width<2.8435 2.8435<=sepal_width<2.964 2.964<=sepal_width<3.0845)
	* (4.3<=sepal_length<4.4805 + 4.4805<=sepal_length<4.661 + 4.661<=sepal_length<4.8415 + 4.8415<=sepal_length<5.022 + 5.022<=sepal_length<5.2025 + 5.2025<=sepal_length<5.383 + 5.383<=sepal_length<5.5635 + 5.5635<=sepal_length<5.744 + 5.744<=sepal_length<5.9245 + 2<=sepal_width<2.1205 + 2.241<=sepal_width<2.3615 + 2.3615<=sepal_width<2.482 + 2.482<=sepal_width<2.6025 + 2.6025<=sepal_width<2.723 + 2.723<=sepal_width<2.8435 + 2.8435<=sepal_width<2.964 + 2.964<=sepal_width<3.0845 + 3.0845<=sepal_width<3.205)

+++ Statistics:
    ===========
+++ true  positive (tp)  = 50
+++ true  negative (tn)  = 100
+++ false positive (fp)  = 0
+++ false negative (fn)  = 0
+++ sensitivity    (tpr) = 100     %	 [tp / (tp + fn)]
+++ miss rate      (fnr) = 0       %	 [fn / (fn + tp)]
+++ fall-out       (fnr) = 0       %	 [fp / (fp + tn)]
+++ specificity    (tnr) = 100     %	 [tn / (tn + fp)]
+++ precision      (ppv) = 100     %	 [tp / (tp + fp)]
+++ accuracy       (acc) = 100     %	 [(tp + tn) / (tp + tn + fp +fn)]
+++ F_1 score      (F_1) = 100     %	 [tp / (tp + 0.5 * (fp +fn))]
