@@@ Parameters:
@@@ ===========
@@@ version       = 1.04f-danube-check
@@@ input         = iris.unq
@@@ header        = iris.hdr
@@@ output        = iris-hrn_virginica.out
@@@ var. offset   = 0
@@@ print matrix  = undefined (will be changed)
@@@ print formula = mixed
@@@ formula input = iris-hrn_virginica.log

+++ Own names for variables
@@@ print matrix  = hide (redefined)
+++ Arity = 80
+++ Group setosa [50]:
+++ Group versicolor [50]:
+++ Group virginica [50]:
+++ Number of groups = 3

+++ Satisfying: virginica
+++ Falsifying: setosa versicolor

+++ Formula [25] =
	  (sepal_length<4.3||sepal_length>=4.4805)
	* (sepal_length<4.4805||sepal_length>=4.661)
	* (sepal_length<4.661||sepal_length>=4.8415)
	* (4.8415<=sepal_length<5.022 -> 2.482<=sepal_width<2.6025)
	* (sepal_length<5.022||sepal_length>=5.2025)
	* (sepal_length<5.2025||sepal_length>=5.383)
	* (sepal_length<5.383||sepal_length>=5.5635)
	* (5.5635<=sepal_length<5.744 -> 4.8415<=petal_length<5.137)
	* (5.744<=sepal_length<5.9245 -> 4.8415<=petal_length<5.137)
	* (5.9245<=sepal_length<6.105 2.1205<=sepal_width<2.241 -> 4.8415<=petal_length<5.137)
	* (sepal_length<5.9245||sepal_length>=6.105 + sepal_width<2.6025||sepal_width>=2.723 + petal_length<4.8415||petal_length>=5.137)
	* (sepal_length<5.9245||sepal_length>=6.105 + sepal_width<2.723||sepal_width>=2.8435)
	* (sepal_length<5.9245||sepal_length>=6.105 + sepal_width<2.8435||sepal_width>=2.964 + petal_width<1.4255||petal_width>=1.546)
	* (sepal_length<5.9245||sepal_length>=6.105 + sepal_width<3.3255||sepal_width>=3.446)
	* (5.9245<=sepal_length<6.105 1.305<=petal_width<1.4255 -> 2.482<=sepal_width<2.6025)
	* (sepal_length<6.105||sepal_length>=6.2855 + sepal_width<2.1205||sepal_width>=2.241 + petal_width<1.4255||petal_width>=1.546)
	* (sepal_length<6.105||sepal_length>=6.2855 + sepal_width<2.8435||sepal_width>=2.964)
	* (sepal_length<6.2855||sepal_length>=6.466 + sepal_width<2.241||sepal_width>=2.3615)
	* (sepal_length<6.2855||sepal_length>=6.466 + sepal_width<2.8435||sepal_width>=2.964)
	* (6.2855<=sepal_length<6.466 1.4255<=petal_width<1.546 -> 2.723<=sepal_width<2.8435)
	* (sepal_length<6.6465||sepal_length>=6.827 + petal_length<4.8415||petal_length>=5.137)
	* (sepal_length<6.6465||sepal_length>=6.827 + petal_width<1.4255||petal_width>=1.546)
	* (sepal_length<6.827||sepal_length>=7.0075 + petal_length<4.8415||petal_length>=5.137 + petal_width<1.4255||petal_width>=1.546)
	* (2.723<=sepal_width<2.8435 1.4255<=petal_width<1.546 -> 6.2855<=sepal_length<6.466)
	* (1.305<=petal_width<1.4255 -> 5.9245<=sepal_length<6.105)

+++ Statistics:
    ===========
+++ true  positive (tp)  = 49
+++ true  negative (tn)  = 98
+++ false positive (fp)  = 2
+++ false negative (fn)  = 1
+++ sensitivity    (tpr) = 98      %	 [tp / (tp + fn)]
+++ miss rate      (fnr) = 2       %	 [fn / (fn + tp)]
+++ fall-out       (fnr) = 2       %	 [fp / (fp + tn)]
+++ specificity    (tnr) = 98      %	 [tn / (tn + fp)]
+++ precision      (ppv) = 96.0784 %	 [tp / (tp + fp)]
+++ accuracy       (acc) = 98      %	 [(tp + tn) / (tp + tn + fp +fn)]
+++ F_1 score      (F_1) = 97.0297 %	 [tp / (tp + 0.5 * (fp +fn))]
