@@@ Parameters:
@@@ ===========
@@@ version       = 1.04f-danube-check
@@@ input         = iris.unq
@@@ header        = iris.hdr
@@@ output        = iris-cnf_versicolor.out
@@@ var. offset   = 0
@@@ print matrix  = undefined (will be changed)
@@@ print formula = mixed
@@@ formula input = iris-cnf_versicolor.log

+++ Own names for variables
@@@ print matrix  = hide (redefined)
+++ Arity = 80
+++ Group setosa [50]:
+++ Group versicolor [50]:
+++ Group virginica [50]:
+++ Number of groups = 3

+++ Satisfying: versicolor
+++ Falsifying: setosa virginica

+++ Formula [32] =
	  (4.4805<=sepal_length<4.661 2.241<=sepal_width<2.3615 -> 5.022<=sepal_length<5.2025 5.383<=sepal_length<5.5635 5.5635<=sepal_length<5.744 5.744<=sepal_length<5.9245 5.9245<=sepal_length<6.105 6.105<=sepal_length<6.2855 6.2855<=sepal_length<6.466 2<=sepal_width<2.1205 2.3615<=sepal_width<2.482 2.482<=sepal_width<2.6025 2.6025<=sepal_width<2.723 2.723<=sepal_width<2.8435 2.8435<=sepal_width<2.964 2.964<=sepal_width<3.0845 3.0845<=sepal_width<3.205 4.8415<=petal_length<5.137 1.305<=petal_width<1.4255 1.4255<=petal_width<1.546)
	* (4.4805<=sepal_length<4.661 3.0845<=sepal_width<3.205 -> 5.022<=sepal_length<5.2025 5.383<=sepal_length<5.5635 5.5635<=sepal_length<5.744 5.744<=sepal_length<5.9245 5.9245<=sepal_length<6.105 6.105<=sepal_length<6.2855 6.2855<=sepal_length<6.466 2<=sepal_width<2.1205 2.241<=sepal_width<2.3615 2.3615<=sepal_width<2.482 2.482<=sepal_width<2.6025 2.6025<=sepal_width<2.723 2.723<=sepal_width<2.8435 2.8435<=sepal_width<2.964 2.964<=sepal_width<3.0845 4.8415<=petal_length<5.137 1.305<=petal_width<1.4255 1.4255<=petal_width<1.546)
	* (4.4805<=sepal_length<4.661 -> 5.022<=sepal_length<5.2025 5.383<=sepal_length<5.5635 5.5635<=sepal_length<5.744 5.744<=sepal_length<5.9245 5.9245<=sepal_length<6.105 6.105<=sepal_length<6.2855 6.2855<=sepal_length<6.466 2<=sepal_width<2.1205 2.241<=sepal_width<2.3615 2.3615<=sepal_width<2.482 2.482<=sepal_width<2.6025 2.6025<=sepal_width<2.723 2.723<=sepal_width<2.8435 2.8435<=sepal_width<2.964 2.964<=sepal_width<3.0845 3.0845<=sepal_width<3.205 4.8415<=petal_length<5.137 1.305<=petal_width<1.4255 1.4255<=petal_width<1.546)
	* (5.022<=sepal_length<5.2025 -> 4.4805<=sepal_length<4.661 5.383<=sepal_length<5.5635 5.5635<=sepal_length<5.744 5.744<=sepal_length<5.9245 5.9245<=sepal_length<6.105 6.105<=sepal_length<6.2855 6.2855<=sepal_length<6.466 2<=sepal_width<2.1205 2.241<=sepal_width<2.3615 2.3615<=sepal_width<2.482 2.482<=sepal_width<2.6025 2.6025<=sepal_width<2.723 2.723<=sepal_width<2.8435 2.8435<=sepal_width<2.964 2.964<=sepal_width<3.0845 3.0845<=sepal_width<3.205 4.8415<=petal_length<5.137 1.305<=petal_width<1.4255 1.4255<=petal_width<1.546)
	* (5.383<=sepal_length<5.5635 -> 4.4805<=sepal_length<4.661 5.022<=sepal_length<5.2025 5.5635<=sepal_length<5.744 5.744<=sepal_length<5.9245 5.9245<=sepal_length<6.105 6.105<=sepal_length<6.2855 6.2855<=sepal_length<6.466 2<=sepal_width<2.1205 2.241<=sepal_width<2.3615 2.3615<=sepal_width<2.482 2.482<=sepal_width<2.6025 2.6025<=sepal_width<2.723 2.723<=sepal_width<2.8435 2.8435<=sepal_width<2.964 2.964<=sepal_width<3.0845 3.0845<=sepal_width<3.205 4.8415<=petal_length<5.137 1.305<=petal_width<1.4255 1.4255<=petal_width<1.546)
	* (5.5635<=sepal_length<5.744 2.482<=sepal_width<2.6025 4.8415<=petal_length<5.137 -> 4.4805<=sepal_length<4.661 5.022<=sepal_length<5.2025 5.383<=sepal_length<5.5635 5.744<=sepal_length<5.9245 5.9245<=sepal_length<6.105 6.105<=sepal_length<6.2855 6.2855<=sepal_length<6.466 2<=sepal_width<2.1205 2.241<=sepal_width<2.3615 2.3615<=sepal_width<2.482 2.6025<=sepal_width<2.723 2.723<=sepal_width<2.8435 2.8435<=sepal_width<2.964 2.964<=sepal_width<3.0845 3.0845<=sepal_width<3.205 1.305<=petal_width<1.4255 1.4255<=petal_width<1.546)
	* (5.5635<=sepal_length<5.744 2.723<=sepal_width<2.8435 4.8415<=petal_length<5.137 -> 4.4805<=sepal_length<4.661 5.022<=sepal_length<5.2025 5.383<=sepal_length<5.5635 5.744<=sepal_length<5.9245 5.9245<=sepal_length<6.105 6.105<=sepal_length<6.2855 6.2855<=sepal_length<6.466 2<=sepal_width<2.1205 2.241<=sepal_width<2.3615 2.3615<=sepal_width<2.482 2.482<=sepal_width<2.6025 2.6025<=sepal_width<2.723 2.8435<=sepal_width<2.964 2.964<=sepal_width<3.0845 3.0845<=sepal_width<3.205 1.305<=petal_width<1.4255 1.4255<=petal_width<1.546)
	* (5.5635<=sepal_length<5.744 -> 4.4805<=sepal_length<4.661 5.022<=sepal_length<5.2025 5.383<=sepal_length<5.5635 5.744<=sepal_length<5.9245 5.9245<=sepal_length<6.105 6.105<=sepal_length<6.2855 6.2855<=sepal_length<6.466 2<=sepal_width<2.1205 2.241<=sepal_width<2.3615 2.3615<=sepal_width<2.482 2.482<=sepal_width<2.6025 2.6025<=sepal_width<2.723 2.723<=sepal_width<2.8435 2.8435<=sepal_width<2.964 2.964<=sepal_width<3.0845 3.0845<=sepal_width<3.205 4.8415<=petal_length<5.137 1.305<=petal_width<1.4255 1.4255<=petal_width<1.546)
	* (5.744<=sepal_length<5.9245 2.6025<=sepal_width<2.723 4.8415<=petal_length<5.137 -> 4.4805<=sepal_length<4.661 5.022<=sepal_length<5.2025 5.383<=sepal_length<5.5635 5.5635<=sepal_length<5.744 5.9245<=sepal_length<6.105 6.105<=sepal_length<6.2855 6.2855<=sepal_length<6.466 2<=sepal_width<2.1205 2.241<=sepal_width<2.3615 2.3615<=sepal_width<2.482 2.482<=sepal_width<2.6025 2.723<=sepal_width<2.8435 2.8435<=sepal_width<2.964 2.964<=sepal_width<3.0845 3.0845<=sepal_width<3.205 1.305<=petal_width<1.4255 1.4255<=petal_width<1.546)
	* (5.744<=sepal_length<5.9245 2.723<=sepal_width<2.8435 4.8415<=petal_length<5.137 -> 4.4805<=sepal_length<4.661 5.022<=sepal_length<5.2025 5.383<=sepal_length<5.5635 5.5635<=sepal_length<5.744 5.9245<=sepal_length<6.105 6.105<=sepal_length<6.2855 6.2855<=sepal_length<6.466 2<=sepal_width<2.1205 2.241<=sepal_width<2.3615 2.3615<=sepal_width<2.482 2.482<=sepal_width<2.6025 2.6025<=sepal_width<2.723 2.8435<=sepal_width<2.964 2.964<=sepal_width<3.0845 3.0845<=sepal_width<3.205 1.305<=petal_width<1.4255 1.4255<=petal_width<1.546)
	* (5.744<=sepal_length<5.9245 2.964<=sepal_width<3.0845 4.8415<=petal_length<5.137 -> 4.4805<=sepal_length<4.661 5.022<=sepal_length<5.2025 5.383<=sepal_length<5.5635 5.5635<=sepal_length<5.744 5.9245<=sepal_length<6.105 6.105<=sepal_length<6.2855 6.2855<=sepal_length<6.466 2<=sepal_width<2.1205 2.241<=sepal_width<2.3615 2.3615<=sepal_width<2.482 2.482<=sepal_width<2.6025 2.6025<=sepal_width<2.723 2.723<=sepal_width<2.8435 2.8435<=sepal_width<2.964 3.0845<=sepal_width<3.205 1.305<=petal_width<1.4255 1.4255<=petal_width<1.546)
	* (5.744<=sepal_length<5.9245 -> 4.4805<=sepal_length<4.661 5.022<=sepal_length<5.2025 5.383<=sepal_length<5.5635 5.5635<=sepal_length<5.744 5.9245<=sepal_length<6.105 6.105<=sepal_length<6.2855 6.2855<=sepal_length<6.466 2<=sepal_width<2.1205 2.241<=sepal_width<2.3615 2.3615<=sepal_width<2.482 2.482<=sepal_width<2.6025 2.6025<=sepal_width<2.723 2.723<=sepal_width<2.8435 2.8435<=sepal_width<2.964 2.964<=sepal_width<3.0845 3.0845<=sepal_width<3.205 4.8415<=petal_length<5.137 1.305<=petal_width<1.4255 1.4255<=petal_width<1.546)
	* (5.9245<=sepal_length<6.105 2.482<=sepal_width<2.6025 1.305<=petal_width<1.4255 -> 4.4805<=sepal_length<4.661 5.022<=sepal_length<5.2025 5.383<=sepal_length<5.5635 5.5635<=sepal_length<5.744 5.744<=sepal_length<5.9245 6.105<=sepal_length<6.2855 6.2855<=sepal_length<6.466 2<=sepal_width<2.1205 2.241<=sepal_width<2.3615 2.3615<=sepal_width<2.482 2.6025<=sepal_width<2.723 2.723<=sepal_width<2.8435 2.8435<=sepal_width<2.964 2.964<=sepal_width<3.0845 3.0845<=sepal_width<3.205 4.8415<=petal_length<5.137 1.4255<=petal_width<1.546)
	* (5.9245<=sepal_length<6.105 2.964<=sepal_width<3.0845 4.8415<=petal_length<5.137 -> 4.4805<=sepal_length<4.661 5.022<=sepal_length<5.2025 5.383<=sepal_length<5.5635 5.5635<=sepal_length<5.744 5.744<=sepal_length<5.9245 6.105<=sepal_length<6.2855 6.2855<=sepal_length<6.466 2<=sepal_width<2.1205 2.241<=sepal_width<2.3615 2.3615<=sepal_width<2.482 2.482<=sepal_width<2.6025 2.6025<=sepal_width<2.723 2.723<=sepal_width<2.8435 2.8435<=sepal_width<2.964 3.0845<=sepal_width<3.205 1.305<=petal_width<1.4255 1.4255<=petal_width<1.546)
	* (5.9245<=sepal_length<6.105 2.964<=sepal_width<3.0845 -> 4.4805<=sepal_length<4.661 5.022<=sepal_length<5.2025 5.383<=sepal_length<5.5635 5.5635<=sepal_length<5.744 5.744<=sepal_length<5.9245 6.105<=sepal_length<6.2855 6.2855<=sepal_length<6.466 2<=sepal_width<2.1205 2.241<=sepal_width<2.3615 2.3615<=sepal_width<2.482 2.482<=sepal_width<2.6025 2.6025<=sepal_width<2.723 2.723<=sepal_width<2.8435 2.8435<=sepal_width<2.964 3.0845<=sepal_width<3.205 4.8415<=petal_length<5.137 1.305<=petal_width<1.4255 1.4255<=petal_width<1.546)
	* (5.9245<=sepal_length<6.105 4.8415<=petal_length<5.137 1.4255<=petal_width<1.546 -> 4.4805<=sepal_length<4.661 5.022<=sepal_length<5.2025 5.383<=sepal_length<5.5635 5.5635<=sepal_length<5.744 5.744<=sepal_length<5.9245 6.105<=sepal_length<6.2855 6.2855<=sepal_length<6.466 2<=sepal_width<2.1205 2.241<=sepal_width<2.3615 2.3615<=sepal_width<2.482 2.482<=sepal_width<2.6025 2.6025<=sepal_width<2.723 2.723<=sepal_width<2.8435 2.8435<=sepal_width<2.964 2.964<=sepal_width<3.0845 3.0845<=sepal_width<3.205 1.305<=petal_width<1.4255)
	* (6.105<=sepal_length<6.2855 2.723<=sepal_width<2.8435 -> 4.4805<=sepal_length<4.661 5.022<=sepal_length<5.2025 5.383<=sepal_length<5.5635 5.5635<=sepal_length<5.744 5.744<=sepal_length<5.9245 5.9245<=sepal_length<6.105 6.2855<=sepal_length<6.466 2<=sepal_width<2.1205 2.241<=sepal_width<2.3615 2.3615<=sepal_width<2.482 2.482<=sepal_width<2.6025 2.6025<=sepal_width<2.723 2.8435<=sepal_width<2.964 2.964<=sepal_width<3.0845 3.0845<=sepal_width<3.205 4.8415<=petal_length<5.137 1.305<=petal_width<1.4255 1.4255<=petal_width<1.546)
	* (6.105<=sepal_length<6.2855 -> 4.4805<=sepal_length<4.661 5.022<=sepal_length<5.2025 5.383<=sepal_length<5.5635 5.5635<=sepal_length<5.744 5.744<=sepal_length<5.9245 5.9245<=sepal_length<6.105 6.2855<=sepal_length<6.466 2<=sepal_width<2.1205 2.241<=sepal_width<2.3615 2.3615<=sepal_width<2.482 2.482<=sepal_width<2.6025 2.6025<=sepal_width<2.723 2.723<=sepal_width<2.8435 2.8435<=sepal_width<2.964 2.964<=sepal_width<3.0845 3.0845<=sepal_width<3.205 4.8415<=petal_length<5.137 1.305<=petal_width<1.4255 1.4255<=petal_width<1.546)
	* (6.2855<=sepal_length<6.466 2.482<=sepal_width<2.6025 4.8415<=petal_length<5.137 -> 4.4805<=sepal_length<4.661 5.022<=sepal_length<5.2025 5.383<=sepal_length<5.5635 5.5635<=sepal_length<5.744 5.744<=sepal_length<5.9245 5.9245<=sepal_length<6.105 6.105<=sepal_length<6.2855 2<=sepal_width<2.1205 2.241<=sepal_width<2.3615 2.3615<=sepal_width<2.482 2.6025<=sepal_width<2.723 2.723<=sepal_width<2.8435 2.8435<=sepal_width<2.964 2.964<=sepal_width<3.0845 3.0845<=sepal_width<3.205 1.305<=petal_width<1.4255 1.4255<=petal_width<1.546)
	* (6.2855<=sepal_length<6.466 2.6025<=sepal_width<2.723 4.8415<=petal_length<5.137 -> 4.4805<=sepal_length<4.661 5.022<=sepal_length<5.2025 5.383<=sepal_length<5.5635 5.5635<=sepal_length<5.744 5.744<=sepal_length<5.9245 5.9245<=sepal_length<6.105 6.105<=sepal_length<6.2855 2<=sepal_width<2.1205 2.241<=sepal_width<2.3615 2.3615<=sepal_width<2.482 2.482<=sepal_width<2.6025 2.723<=sepal_width<2.8435 2.8435<=sepal_width<2.964 2.964<=sepal_width<3.0845 3.0845<=sepal_width<3.205 1.305<=petal_width<1.4255 1.4255<=petal_width<1.546)
	* (6.2855<=sepal_length<6.466 2.6025<=sepal_width<2.723 -> 4.4805<=sepal_length<4.661 5.022<=sepal_length<5.2025 5.383<=sepal_length<5.5635 5.5635<=sepal_length<5.744 5.744<=sepal_length<5.9245 5.9245<=sepal_length<6.105 6.105<=sepal_length<6.2855 2<=sepal_width<2.1205 2.241<=sepal_width<2.3615 2.3615<=sepal_width<2.482 2.482<=sepal_width<2.6025 2.723<=sepal_width<2.8435 2.8435<=sepal_width<2.964 2.964<=sepal_width<3.0845 3.0845<=sepal_width<3.205 4.8415<=petal_length<5.137 1.305<=petal_width<1.4255 1.4255<=petal_width<1.546)
	* (6.2855<=sepal_length<6.466 2.723<=sepal_width<2.8435 4.8415<=petal_length<5.137 1.4255<=petal_width<1.546 -> 4.4805<=sepal_length<4.661 5.022<=sepal_length<5.2025 5.383<=sepal_length<5.5635 5.5635<=sepal_length<5.744 5.744<=sepal_length<5.9245 5.9245<=sepal_length<6.105 6.105<=sepal_length<6.2855 2<=sepal_width<2.1205 2.241<=sepal_width<2.3615 2.3615<=sepal_width<2.482 2.482<=sepal_width<2.6025 2.6025<=sepal_width<2.723 2.8435<=sepal_width<2.964 2.964<=sepal_width<3.0845 3.0845<=sepal_width<3.205 1.305<=petal_width<1.4255)
	* (6.2855<=sepal_length<6.466 2.723<=sepal_width<2.8435 -> 4.4805<=sepal_length<4.661 5.022<=sepal_length<5.2025 5.383<=sepal_length<5.5635 5.5635<=sepal_length<5.744 5.744<=sepal_length<5.9245 5.9245<=sepal_length<6.105 6.105<=sepal_length<6.2855 2<=sepal_width<2.1205 2.241<=sepal_width<2.3615 2.3615<=sepal_width<2.482 2.482<=sepal_width<2.6025 2.6025<=sepal_width<2.723 2.8435<=sepal_width<2.964 2.964<=sepal_width<3.0845 3.0845<=sepal_width<3.205 4.8415<=petal_length<5.137 1.305<=petal_width<1.4255 1.4255<=petal_width<1.546)
	* (6.2855<=sepal_length<6.466 3.0845<=sepal_width<3.205 -> 4.4805<=sepal_length<4.661 5.022<=sepal_length<5.2025 5.383<=sepal_length<5.5635 5.5635<=sepal_length<5.744 5.744<=sepal_length<5.9245 5.9245<=sepal_length<6.105 6.105<=sepal_length<6.2855 2<=sepal_width<2.1205 2.241<=sepal_width<2.3615 2.3615<=sepal_width<2.482 2.482<=sepal_width<2.6025 2.6025<=sepal_width<2.723 2.723<=sepal_width<2.8435 2.8435<=sepal_width<2.964 2.964<=sepal_width<3.0845 4.8415<=petal_length<5.137 1.305<=petal_width<1.4255 1.4255<=petal_width<1.546)
	* (6.2855<=sepal_length<6.466 -> 4.4805<=sepal_length<4.661 5.022<=sepal_length<5.2025 5.383<=sepal_length<5.5635 5.5635<=sepal_length<5.744 5.744<=sepal_length<5.9245 5.9245<=sepal_length<6.105 6.105<=sepal_length<6.2855 2<=sepal_width<2.1205 2.241<=sepal_width<2.3615 2.3615<=sepal_width<2.482 2.482<=sepal_width<2.6025 2.6025<=sepal_width<2.723 2.723<=sepal_width<2.8435 2.8435<=sepal_width<2.964 2.964<=sepal_width<3.0845 3.0845<=sepal_width<3.205 4.8415<=petal_length<5.137 1.305<=petal_width<1.4255 1.4255<=petal_width<1.546)
	* (2.482<=sepal_width<2.6025 -> 4.4805<=sepal_length<4.661 5.022<=sepal_length<5.2025 5.383<=sepal_length<5.5635 5.5635<=sepal_length<5.744 5.744<=sepal_length<5.9245 5.9245<=sepal_length<6.105 6.105<=sepal_length<6.2855 6.2855<=sepal_length<6.466 2<=sepal_width<2.1205 2.241<=sepal_width<2.3615 2.3615<=sepal_width<2.482 2.6025<=sepal_width<2.723 2.723<=sepal_width<2.8435 2.8435<=sepal_width<2.964 2.964<=sepal_width<3.0845 3.0845<=sepal_width<3.205 4.8415<=petal_length<5.137 1.305<=petal_width<1.4255 1.4255<=petal_width<1.546)
	* (2.723<=sepal_width<2.8435 -> 4.4805<=sepal_length<4.661 5.022<=sepal_length<5.2025 5.383<=sepal_length<5.5635 5.5635<=sepal_length<5.744 5.744<=sepal_length<5.9245 5.9245<=sepal_length<6.105 6.105<=sepal_length<6.2855 6.2855<=sepal_length<6.466 2<=sepal_width<2.1205 2.241<=sepal_width<2.3615 2.3615<=sepal_width<2.482 2.482<=sepal_width<2.6025 2.6025<=sepal_width<2.723 2.8435<=sepal_width<2.964 2.964<=sepal_width<3.0845 3.0845<=sepal_width<3.205 4.8415<=petal_length<5.137 1.305<=petal_width<1.4255 1.4255<=petal_width<1.546)
	* (2.8435<=sepal_width<2.964 -> 4.4805<=sepal_length<4.661 5.022<=sepal_length<5.2025 5.383<=sepal_length<5.5635 5.5635<=sepal_length<5.744 5.744<=sepal_length<5.9245 5.9245<=sepal_length<6.105 6.105<=sepal_length<6.2855 6.2855<=sepal_length<6.466 2<=sepal_width<2.1205 2.241<=sepal_width<2.3615 2.3615<=sepal_width<2.482 2.482<=sepal_width<2.6025 2.6025<=sepal_width<2.723 2.723<=sepal_width<2.8435 2.964<=sepal_width<3.0845 3.0845<=sepal_width<3.205 4.8415<=petal_length<5.137 1.305<=petal_width<1.4255 1.4255<=petal_width<1.546)
	* (2.964<=sepal_width<3.0845 -> 4.4805<=sepal_length<4.661 5.022<=sepal_length<5.2025 5.383<=sepal_length<5.5635 5.5635<=sepal_length<5.744 5.744<=sepal_length<5.9245 5.9245<=sepal_length<6.105 6.105<=sepal_length<6.2855 6.2855<=sepal_length<6.466 2<=sepal_width<2.1205 2.241<=sepal_width<2.3615 2.3615<=sepal_width<2.482 2.482<=sepal_width<2.6025 2.6025<=sepal_width<2.723 2.723<=sepal_width<2.8435 2.8435<=sepal_width<2.964 3.0845<=sepal_width<3.205 4.8415<=petal_length<5.137 1.305<=petal_width<1.4255 1.4255<=petal_width<1.546)
	* (3.0845<=sepal_width<3.205 4.8415<=petal_length<5.137 -> 4.4805<=sepal_length<4.661 5.022<=sepal_length<5.2025 5.383<=sepal_length<5.5635 5.5635<=sepal_length<5.744 5.744<=sepal_length<5.9245 5.9245<=sepal_length<6.105 6.105<=sepal_length<6.2855 6.2855<=sepal_length<6.466 2<=sepal_width<2.1205 2.241<=sepal_width<2.3615 2.3615<=sepal_width<2.482 2.482<=sepal_width<2.6025 2.6025<=sepal_width<2.723 2.723<=sepal_width<2.8435 2.8435<=sepal_width<2.964 2.964<=sepal_width<3.0845 1.305<=petal_width<1.4255 1.4255<=petal_width<1.546)
	* (3.0845<=sepal_width<3.205 -> 4.4805<=sepal_length<4.661 5.022<=sepal_length<5.2025 5.383<=sepal_length<5.5635 5.5635<=sepal_length<5.744 5.744<=sepal_length<5.9245 5.9245<=sepal_length<6.105 6.105<=sepal_length<6.2855 6.2855<=sepal_length<6.466 2<=sepal_width<2.1205 2.241<=sepal_width<2.3615 2.3615<=sepal_width<2.482 2.482<=sepal_width<2.6025 2.6025<=sepal_width<2.723 2.723<=sepal_width<2.8435 2.8435<=sepal_width<2.964 2.964<=sepal_width<3.0845 4.8415<=petal_length<5.137 1.305<=petal_width<1.4255 1.4255<=petal_width<1.546)
	* (4.4805<=sepal_length<4.661 + 5.022<=sepal_length<5.2025 + 5.383<=sepal_length<5.5635 + 5.5635<=sepal_length<5.744 + 5.744<=sepal_length<5.9245 + 5.9245<=sepal_length<6.105 + 6.105<=sepal_length<6.2855 + 6.2855<=sepal_length<6.466 + 2<=sepal_width<2.1205 + 2.241<=sepal_width<2.3615 + 2.3615<=sepal_width<2.482 + 2.482<=sepal_width<2.6025 + 2.6025<=sepal_width<2.723 + 2.723<=sepal_width<2.8435 + 2.8435<=sepal_width<2.964 + 2.964<=sepal_width<3.0845 + 3.0845<=sepal_width<3.205 + 4.8415<=petal_length<5.137 + 1.305<=petal_width<1.4255 + 1.4255<=petal_width<1.546)

+++ Statistics:
    ===========
+++ true  positive (tp)  = 48
+++ true  negative (tn)  = 99
+++ false positive (fp)  = 1
+++ false negative (fn)  = 2
+++ sensitivity    (tpr) = 96      %	 [tp / (tp + fn)]
+++ miss rate      (fnr) = 4       %	 [fn / (fn + tp)]
+++ fall-out       (fnr) = 1       %	 [fp / (fp + tn)]
+++ specificity    (tnr) = 99      %	 [tn / (tn + fp)]
+++ precision      (ppv) = 97.9592 %	 [tp / (tp + fp)]
+++ accuracy       (acc) = 98      %	 [(tp + tn) / (tp + tn + fp +fn)]
+++ F_1 score      (F_1) = 96.9697 %	 [tp / (tp + 0.5 * (fp +fn))]
