@@@ Parameters:
@@@ ===========
@@@ version       = 1.04f-danube-check
@@@ input         = iris.chk
@@@ header        = iris.hdr
@@@ output        = iris-bij_virginica.out
@@@ var. offset   = 0
@@@ print matrix  = undefined (will be changed)
@@@ print formula = mixed
@@@ formula input = iris-bij_virginica.log

+++ Own names for variables
@@@ print matrix  = hide (redefined)
+++ Arity = 80
+++ Group setosa [19]:
+++ Group versicolor [25]:
+++ Group virginica [29]:
+++ Number of groups = 3

+++ Satisfying: virginica
+++ Falsifying: setosa versicolor

+++ Formula [13] =
	  (sepal_length<4.3||sepal_length>=4.4805)
	* (sepal_length<4.4805||sepal_length>=4.661)
	* (sepal_length<4.661||sepal_length>=4.8415)
	* (sepal_length<4.8415||sepal_length>=5.022)
	* (sepal_length<5.022||sepal_length>=5.2025)
	* (sepal_length<5.2025||sepal_length>=5.383)
	* (sepal_length<5.383||sepal_length>=5.5635)
	* (5.5635<=sepal_length<5.744 -> 2.482<=sepal_width<2.6025)
	* (sepal_length<5.744||sepal_length>=5.9245 + petal_length<3.6595||petal_length>=3.955)
	* (5.9245<=sepal_length<6.105 -> 2.482<=sepal_width<2.6025)
	* (sepal_length<6.2855||sepal_length>=6.466 + sepal_width<2.241||sepal_width>=2.3615)
	* (1.4255<=petal_width<1.546 -> 2.723<=sepal_width<2.8435)
	* (1.4255<=petal_width<1.546 -> 6.2855<=sepal_length<6.466)

+++ Statistics:
    ===========
+++ true  positive (tp)  = 24
+++ true  negative (tn)  = 30
+++ false positive (fp)  = 14
+++ false negative (fn)  = 5
+++ sensitivity    (tpr) = 82.7586 %	 [tp / (tp + fn)]
+++ miss rate      (fnr) = 17.2414 %	 [fn / (fn + tp)]
+++ fall-out       (fnr) = 31.8182 %	 [fp / (fp + tn)]
+++ specificity    (tnr) = 68.1818 %	 [tn / (tn + fp)]
+++ precision      (ppv) = 63.1579 %	 [tp / (tp + fp)]
+++ accuracy       (acc) = 73.9726 %	 [(tp + tn) / (tp + tn + fp +fn)]
+++ F_1 score      (F_1) = 71.6418 %	 [tp / (tp + 0.5 * (fp +fn))]
