@@@ Parameters:
@@@ ===========
@@@ version       = 1.04f-danube-check
@@@ input         = iris.chk
@@@ header        = iris.hdr
@@@ output        = iris-cnf_versicolor.out
@@@ var. offset   = 0
@@@ print matrix  = undefined (will be changed)
@@@ print formula = mixed
@@@ formula input = iris-cnf_versicolor.log

+++ Own names for variables
@@@ print matrix  = hide (redefined)
+++ Arity = 80
+++ Group setosa [19]:
+++ Group versicolor [25]:
+++ Group virginica [29]:
+++ Number of groups = 3

+++ Satisfying: versicolor
+++ Falsifying: setosa virginica

+++ Formula [13] =
	  (5.022<=sepal_length<5.2025 -> 5.383<=sepal_length<5.5635 5.5635<=sepal_length<5.744 5.9245<=sepal_length<6.105 6.2855<=sepal_length<6.466 2<=sepal_width<2.1205 2.241<=sepal_width<2.3615 2.482<=sepal_width<2.6025 2.723<=sepal_width<2.8435 2.8435<=sepal_width<2.964 2.964<=sepal_width<3.0845 3.6595<=petal_length<3.955 1.4255<=petal_width<1.546)
	* (5.383<=sepal_length<5.5635 -> 5.022<=sepal_length<5.2025 5.5635<=sepal_length<5.744 5.9245<=sepal_length<6.105 6.2855<=sepal_length<6.466 2<=sepal_width<2.1205 2.241<=sepal_width<2.3615 2.482<=sepal_width<2.6025 2.723<=sepal_width<2.8435 2.8435<=sepal_width<2.964 2.964<=sepal_width<3.0845 3.6595<=petal_length<3.955 1.4255<=petal_width<1.546)
	* (5.5635<=sepal_length<5.744 2.482<=sepal_width<2.6025 -> 5.022<=sepal_length<5.2025 5.383<=sepal_length<5.5635 5.9245<=sepal_length<6.105 6.2855<=sepal_length<6.466 2<=sepal_width<2.1205 2.241<=sepal_width<2.3615 2.723<=sepal_width<2.8435 2.8435<=sepal_width<2.964 2.964<=sepal_width<3.0845 3.6595<=petal_length<3.955 1.4255<=petal_width<1.546)
	* (5.5635<=sepal_length<5.744 -> 5.022<=sepal_length<5.2025 5.383<=sepal_length<5.5635 5.9245<=sepal_length<6.105 6.2855<=sepal_length<6.466 2<=sepal_width<2.1205 2.241<=sepal_width<2.3615 2.482<=sepal_width<2.6025 2.723<=sepal_width<2.8435 2.8435<=sepal_width<2.964 2.964<=sepal_width<3.0845 3.6595<=petal_length<3.955 1.4255<=petal_width<1.546)
	* (5.9245<=sepal_length<6.105 2.482<=sepal_width<2.6025 -> 5.022<=sepal_length<5.2025 5.383<=sepal_length<5.5635 5.5635<=sepal_length<5.744 6.2855<=sepal_length<6.466 2<=sepal_width<2.1205 2.241<=sepal_width<2.3615 2.723<=sepal_width<2.8435 2.8435<=sepal_width<2.964 2.964<=sepal_width<3.0845 3.6595<=petal_length<3.955 1.4255<=petal_width<1.546)
	* (6.2855<=sepal_length<6.466 2.482<=sepal_width<2.6025 -> 5.022<=sepal_length<5.2025 5.383<=sepal_length<5.5635 5.5635<=sepal_length<5.744 5.9245<=sepal_length<6.105 2<=sepal_width<2.1205 2.241<=sepal_width<2.3615 2.723<=sepal_width<2.8435 2.8435<=sepal_width<2.964 2.964<=sepal_width<3.0845 3.6595<=petal_length<3.955 1.4255<=petal_width<1.546)
	* (6.2855<=sepal_length<6.466 2.723<=sepal_width<2.8435 1.4255<=petal_width<1.546 -> 5.022<=sepal_length<5.2025 5.383<=sepal_length<5.5635 5.5635<=sepal_length<5.744 5.9245<=sepal_length<6.105 2<=sepal_width<2.1205 2.241<=sepal_width<2.3615 2.482<=sepal_width<2.6025 2.8435<=sepal_width<2.964 2.964<=sepal_width<3.0845 3.6595<=petal_length<3.955)
	* (6.2855<=sepal_length<6.466 2.8435<=sepal_width<2.964 -> 5.022<=sepal_length<5.2025 5.383<=sepal_length<5.5635 5.5635<=sepal_length<5.744 5.9245<=sepal_length<6.105 2<=sepal_width<2.1205 2.241<=sepal_width<2.3615 2.482<=sepal_width<2.6025 2.723<=sepal_width<2.8435 2.964<=sepal_width<3.0845 3.6595<=petal_length<3.955 1.4255<=petal_width<1.546)
	* (6.2855<=sepal_length<6.466 -> 5.022<=sepal_length<5.2025 5.383<=sepal_length<5.5635 5.5635<=sepal_length<5.744 5.9245<=sepal_length<6.105 2<=sepal_width<2.1205 2.241<=sepal_width<2.3615 2.482<=sepal_width<2.6025 2.723<=sepal_width<2.8435 2.8435<=sepal_width<2.964 2.964<=sepal_width<3.0845 3.6595<=petal_length<3.955 1.4255<=petal_width<1.546)
	* (2.482<=sepal_width<2.6025 -> 5.022<=sepal_length<5.2025 5.383<=sepal_length<5.5635 5.5635<=sepal_length<5.744 5.9245<=sepal_length<6.105 6.2855<=sepal_length<6.466 2<=sepal_width<2.1205 2.241<=sepal_width<2.3615 2.723<=sepal_width<2.8435 2.8435<=sepal_width<2.964 2.964<=sepal_width<3.0845 3.6595<=petal_length<3.955 1.4255<=petal_width<1.546)
	* (2.723<=sepal_width<2.8435 -> 5.022<=sepal_length<5.2025 5.383<=sepal_length<5.5635 5.5635<=sepal_length<5.744 5.9245<=sepal_length<6.105 6.2855<=sepal_length<6.466 2<=sepal_width<2.1205 2.241<=sepal_width<2.3615 2.482<=sepal_width<2.6025 2.8435<=sepal_width<2.964 2.964<=sepal_width<3.0845 3.6595<=petal_length<3.955 1.4255<=petal_width<1.546)
	* (2.964<=sepal_width<3.0845 -> 5.022<=sepal_length<5.2025 5.383<=sepal_length<5.5635 5.5635<=sepal_length<5.744 5.9245<=sepal_length<6.105 6.2855<=sepal_length<6.466 2<=sepal_width<2.1205 2.241<=sepal_width<2.3615 2.482<=sepal_width<2.6025 2.723<=sepal_width<2.8435 2.8435<=sepal_width<2.964 3.6595<=petal_length<3.955 1.4255<=petal_width<1.546)
	* (5.022<=sepal_length<5.2025 + 5.383<=sepal_length<5.5635 + 5.5635<=sepal_length<5.744 + 5.9245<=sepal_length<6.105 + 6.2855<=sepal_length<6.466 + 2<=sepal_width<2.1205 + 2.241<=sepal_width<2.3615 + 2.482<=sepal_width<2.6025 + 2.723<=sepal_width<2.8435 + 2.8435<=sepal_width<2.964 + 2.964<=sepal_width<3.0845 + 3.6595<=petal_length<3.955 + 1.4255<=petal_width<1.546)

+++ Statistics:
    ===========
+++ true  positive (tp)  = 12
+++ true  negative (tn)  = 39
+++ false positive (fp)  = 9
+++ false negative (fn)  = 13
+++ sensitivity    (tpr) = 48      %	 [tp / (tp + fn)]
+++ miss rate      (fnr) = 52      %	 [fn / (fn + tp)]
+++ fall-out       (fnr) = 18.75   %	 [fp / (fp + tn)]
+++ specificity    (tnr) = 81.25   %	 [tn / (tn + fp)]
+++ precision      (ppv) = 57.1429 %	 [tp / (tp + fp)]
+++ accuracy       (acc) = 69.863  %	 [(tp + tn) / (tp + tn + fp +fn)]
+++ F_1 score      (F_1) = 52.1739 %	 [tp / (tp + 0.5 * (fp +fn))]
