@@@ Parameters:
@@@ ===========
@@@ version       = 1.04f-danube-check
@@@ input         = iris.chk
@@@ header        = iris.hdr
@@@ output        = iris-cnf_virginica.out
@@@ var. offset   = 0
@@@ print matrix  = undefined (will be changed)
@@@ print formula = mixed
@@@ formula input = iris-cnf_virginica.log

+++ Own names for variables
@@@ print matrix  = hide (redefined)
+++ Arity = 80
+++ Group setosa [19]:
+++ Group versicolor [25]:
+++ Group virginica [29]:
+++ Number of groups = 3

+++ Satisfying: virginica
+++ Falsifying: setosa versicolor

+++ Formula [25] =
	  (4.3<=sepal_length<4.4805 -> 4.4805<=sepal_length<4.661 4.661<=sepal_length<4.8415 4.8415<=sepal_length<5.022 5.022<=sepal_length<5.2025 5.2025<=sepal_length<5.383 5.383<=sepal_length<5.5635 5.5635<=sepal_length<5.744 5.744<=sepal_length<5.9245 5.9245<=sepal_length<6.105 6.2855<=sepal_length<6.466 2.241<=sepal_width<2.3615 2.482<=sepal_width<2.6025 2.6025<=sepal_width<2.723 2.723<=sepal_width<2.8435 3.6595<=petal_length<3.955 1.4255<=petal_width<1.546)
	* (4.4805<=sepal_length<4.661 -> 4.3<=sepal_length<4.4805 4.661<=sepal_length<4.8415 4.8415<=sepal_length<5.022 5.022<=sepal_length<5.2025 5.2025<=sepal_length<5.383 5.383<=sepal_length<5.5635 5.5635<=sepal_length<5.744 5.744<=sepal_length<5.9245 5.9245<=sepal_length<6.105 6.2855<=sepal_length<6.466 2.241<=sepal_width<2.3615 2.482<=sepal_width<2.6025 2.6025<=sepal_width<2.723 2.723<=sepal_width<2.8435 3.6595<=petal_length<3.955 1.4255<=petal_width<1.546)
	* (4.661<=sepal_length<4.8415 -> 4.3<=sepal_length<4.4805 4.4805<=sepal_length<4.661 4.8415<=sepal_length<5.022 5.022<=sepal_length<5.2025 5.2025<=sepal_length<5.383 5.383<=sepal_length<5.5635 5.5635<=sepal_length<5.744 5.744<=sepal_length<5.9245 5.9245<=sepal_length<6.105 6.2855<=sepal_length<6.466 2.241<=sepal_width<2.3615 2.482<=sepal_width<2.6025 2.6025<=sepal_width<2.723 2.723<=sepal_width<2.8435 3.6595<=petal_length<3.955 1.4255<=petal_width<1.546)
	* (4.8415<=sepal_length<5.022 2.241<=sepal_width<2.3615 -> 4.3<=sepal_length<4.4805 4.4805<=sepal_length<4.661 4.661<=sepal_length<4.8415 5.022<=sepal_length<5.2025 5.2025<=sepal_length<5.383 5.383<=sepal_length<5.5635 5.5635<=sepal_length<5.744 5.744<=sepal_length<5.9245 5.9245<=sepal_length<6.105 6.2855<=sepal_length<6.466 2.482<=sepal_width<2.6025 2.6025<=sepal_width<2.723 2.723<=sepal_width<2.8435 3.6595<=petal_length<3.955 1.4255<=petal_width<1.546)
	* (4.8415<=sepal_length<5.022 -> 4.3<=sepal_length<4.4805 4.4805<=sepal_length<4.661 4.661<=sepal_length<4.8415 5.022<=sepal_length<5.2025 5.2025<=sepal_length<5.383 5.383<=sepal_length<5.5635 5.5635<=sepal_length<5.744 5.744<=sepal_length<5.9245 5.9245<=sepal_length<6.105 6.2855<=sepal_length<6.466 2.241<=sepal_width<2.3615 2.482<=sepal_width<2.6025 2.6025<=sepal_width<2.723 2.723<=sepal_width<2.8435 3.6595<=petal_length<3.955 1.4255<=petal_width<1.546)
	* (5.022<=sepal_length<5.2025 2.482<=sepal_width<2.6025 -> 4.3<=sepal_length<4.4805 4.4805<=sepal_length<4.661 4.661<=sepal_length<4.8415 4.8415<=sepal_length<5.022 5.2025<=sepal_length<5.383 5.383<=sepal_length<5.5635 5.5635<=sepal_length<5.744 5.744<=sepal_length<5.9245 5.9245<=sepal_length<6.105 6.2855<=sepal_length<6.466 2.241<=sepal_width<2.3615 2.6025<=sepal_width<2.723 2.723<=sepal_width<2.8435 3.6595<=petal_length<3.955 1.4255<=petal_width<1.546)
	* (5.022<=sepal_length<5.2025 2.6025<=sepal_width<2.723 3.6595<=petal_length<3.955 -> 4.3<=sepal_length<4.4805 4.4805<=sepal_length<4.661 4.661<=sepal_length<4.8415 4.8415<=sepal_length<5.022 5.2025<=sepal_length<5.383 5.383<=sepal_length<5.5635 5.5635<=sepal_length<5.744 5.744<=sepal_length<5.9245 5.9245<=sepal_length<6.105 6.2855<=sepal_length<6.466 2.241<=sepal_width<2.3615 2.482<=sepal_width<2.6025 2.723<=sepal_width<2.8435 1.4255<=petal_width<1.546)
	* (5.022<=sepal_length<5.2025 -> 4.3<=sepal_length<4.4805 4.4805<=sepal_length<4.661 4.661<=sepal_length<4.8415 4.8415<=sepal_length<5.022 5.2025<=sepal_length<5.383 5.383<=sepal_length<5.5635 5.5635<=sepal_length<5.744 5.744<=sepal_length<5.9245 5.9245<=sepal_length<6.105 6.2855<=sepal_length<6.466 2.241<=sepal_width<2.3615 2.482<=sepal_width<2.6025 2.6025<=sepal_width<2.723 2.723<=sepal_width<2.8435 3.6595<=petal_length<3.955 1.4255<=petal_width<1.546)
	* (5.2025<=sepal_length<5.383 -> 4.3<=sepal_length<4.4805 4.4805<=sepal_length<4.661 4.661<=sepal_length<4.8415 4.8415<=sepal_length<5.022 5.022<=sepal_length<5.2025 5.383<=sepal_length<5.5635 5.5635<=sepal_length<5.744 5.744<=sepal_length<5.9245 5.9245<=sepal_length<6.105 6.2855<=sepal_length<6.466 2.241<=sepal_width<2.3615 2.482<=sepal_width<2.6025 2.6025<=sepal_width<2.723 2.723<=sepal_width<2.8435 3.6595<=petal_length<3.955 1.4255<=petal_width<1.546)
	* (5.383<=sepal_length<5.5635 2.482<=sepal_width<2.6025 -> 4.3<=sepal_length<4.4805 4.4805<=sepal_length<4.661 4.661<=sepal_length<4.8415 4.8415<=sepal_length<5.022 5.022<=sepal_length<5.2025 5.2025<=sepal_length<5.383 5.5635<=sepal_length<5.744 5.744<=sepal_length<5.9245 5.9245<=sepal_length<6.105 6.2855<=sepal_length<6.466 2.241<=sepal_width<2.3615 2.6025<=sepal_width<2.723 2.723<=sepal_width<2.8435 3.6595<=petal_length<3.955 1.4255<=petal_width<1.546)
	* (5.383<=sepal_length<5.5635 3.6595<=petal_length<3.955 -> 4.3<=sepal_length<4.4805 4.4805<=sepal_length<4.661 4.661<=sepal_length<4.8415 4.8415<=sepal_length<5.022 5.022<=sepal_length<5.2025 5.2025<=sepal_length<5.383 5.5635<=sepal_length<5.744 5.744<=sepal_length<5.9245 5.9245<=sepal_length<6.105 6.2855<=sepal_length<6.466 2.241<=sepal_width<2.3615 2.482<=sepal_width<2.6025 2.6025<=sepal_width<2.723 2.723<=sepal_width<2.8435 1.4255<=petal_width<1.546)
	* (5.383<=sepal_length<5.5635 1.4255<=petal_width<1.546 -> 4.3<=sepal_length<4.4805 4.4805<=sepal_length<4.661 4.661<=sepal_length<4.8415 4.8415<=sepal_length<5.022 5.022<=sepal_length<5.2025 5.2025<=sepal_length<5.383 5.5635<=sepal_length<5.744 5.744<=sepal_length<5.9245 5.9245<=sepal_length<6.105 6.2855<=sepal_length<6.466 2.241<=sepal_width<2.3615 2.482<=sepal_width<2.6025 2.6025<=sepal_width<2.723 2.723<=sepal_width<2.8435 3.6595<=petal_length<3.955)
	* (5.383<=sepal_length<5.5635 -> 4.3<=sepal_length<4.4805 4.4805<=sepal_length<4.661 4.661<=sepal_length<4.8415 4.8415<=sepal_length<5.022 5.022<=sepal_length<5.2025 5.2025<=sepal_length<5.383 5.5635<=sepal_length<5.744 5.744<=sepal_length<5.9245 5.9245<=sepal_length<6.105 6.2855<=sepal_length<6.466 2.241<=sepal_width<2.3615 2.482<=sepal_width<2.6025 2.6025<=sepal_width<2.723 2.723<=sepal_width<2.8435 3.6595<=petal_length<3.955 1.4255<=petal_width<1.546)
	* (5.5635<=sepal_length<5.744 1.4255<=petal_width<1.546 -> 4.3<=sepal_length<4.4805 4.4805<=sepal_length<4.661 4.661<=sepal_length<4.8415 4.8415<=sepal_length<5.022 5.022<=sepal_length<5.2025 5.2025<=sepal_length<5.383 5.383<=sepal_length<5.5635 5.744<=sepal_length<5.9245 5.9245<=sepal_length<6.105 6.2855<=sepal_length<6.466 2.241<=sepal_width<2.3615 2.482<=sepal_width<2.6025 2.6025<=sepal_width<2.723 2.723<=sepal_width<2.8435 3.6595<=petal_length<3.955)
	* (5.5635<=sepal_length<5.744 -> 4.3<=sepal_length<4.4805 4.4805<=sepal_length<4.661 4.661<=sepal_length<4.8415 4.8415<=sepal_length<5.022 5.022<=sepal_length<5.2025 5.2025<=sepal_length<5.383 5.383<=sepal_length<5.5635 5.744<=sepal_length<5.9245 5.9245<=sepal_length<6.105 6.2855<=sepal_length<6.466 2.241<=sepal_width<2.3615 2.482<=sepal_width<2.6025 2.6025<=sepal_width<2.723 2.723<=sepal_width<2.8435 3.6595<=petal_length<3.955 1.4255<=petal_width<1.546)
	* (5.744<=sepal_length<5.9245 2.6025<=sepal_width<2.723 3.6595<=petal_length<3.955 -> 4.3<=sepal_length<4.4805 4.4805<=sepal_length<4.661 4.661<=sepal_length<4.8415 4.8415<=sepal_length<5.022 5.022<=sepal_length<5.2025 5.2025<=sepal_length<5.383 5.383<=sepal_length<5.5635 5.5635<=sepal_length<5.744 5.9245<=sepal_length<6.105 6.2855<=sepal_length<6.466 2.241<=sepal_width<2.3615 2.482<=sepal_width<2.6025 2.723<=sepal_width<2.8435 1.4255<=petal_width<1.546)
	* (5.744<=sepal_length<5.9245 -> 4.3<=sepal_length<4.4805 4.4805<=sepal_length<4.661 4.661<=sepal_length<4.8415 4.8415<=sepal_length<5.022 5.022<=sepal_length<5.2025 5.2025<=sepal_length<5.383 5.383<=sepal_length<5.5635 5.5635<=sepal_length<5.744 5.9245<=sepal_length<6.105 6.2855<=sepal_length<6.466 2.241<=sepal_width<2.3615 2.482<=sepal_width<2.6025 2.6025<=sepal_width<2.723 2.723<=sepal_width<2.8435 3.6595<=petal_length<3.955 1.4255<=petal_width<1.546)
	* (5.9245<=sepal_length<6.105 2.723<=sepal_width<2.8435 -> 4.3<=sepal_length<4.4805 4.4805<=sepal_length<4.661 4.661<=sepal_length<4.8415 4.8415<=sepal_length<5.022 5.022<=sepal_length<5.2025 5.2025<=sepal_length<5.383 5.383<=sepal_length<5.5635 5.5635<=sepal_length<5.744 5.744<=sepal_length<5.9245 6.2855<=sepal_length<6.466 2.241<=sepal_width<2.3615 2.482<=sepal_width<2.6025 2.6025<=sepal_width<2.723 3.6595<=petal_length<3.955 1.4255<=petal_width<1.546)
	* (5.9245<=sepal_length<6.105 1.4255<=petal_width<1.546 -> 4.3<=sepal_length<4.4805 4.4805<=sepal_length<4.661 4.661<=sepal_length<4.8415 4.8415<=sepal_length<5.022 5.022<=sepal_length<5.2025 5.2025<=sepal_length<5.383 5.383<=sepal_length<5.5635 5.5635<=sepal_length<5.744 5.744<=sepal_length<5.9245 6.2855<=sepal_length<6.466 2.241<=sepal_width<2.3615 2.482<=sepal_width<2.6025 2.6025<=sepal_width<2.723 2.723<=sepal_width<2.8435 3.6595<=petal_length<3.955)
	* (5.9245<=sepal_length<6.105 -> 4.3<=sepal_length<4.4805 4.4805<=sepal_length<4.661 4.661<=sepal_length<4.8415 4.8415<=sepal_length<5.022 5.022<=sepal_length<5.2025 5.2025<=sepal_length<5.383 5.383<=sepal_length<5.5635 5.5635<=sepal_length<5.744 5.744<=sepal_length<5.9245 6.2855<=sepal_length<6.466 2.241<=sepal_width<2.3615 2.482<=sepal_width<2.6025 2.6025<=sepal_width<2.723 2.723<=sepal_width<2.8435 3.6595<=petal_length<3.955 1.4255<=petal_width<1.546)
	* (6.2855<=sepal_length<6.466 2.241<=sepal_width<2.3615 -> 4.3<=sepal_length<4.4805 4.4805<=sepal_length<4.661 4.661<=sepal_length<4.8415 4.8415<=sepal_length<5.022 5.022<=sepal_length<5.2025 5.2025<=sepal_length<5.383 5.383<=sepal_length<5.5635 5.5635<=sepal_length<5.744 5.744<=sepal_length<5.9245 5.9245<=sepal_length<6.105 2.482<=sepal_width<2.6025 2.6025<=sepal_width<2.723 2.723<=sepal_width<2.8435 3.6595<=petal_length<3.955 1.4255<=petal_width<1.546)
	* (6.2855<=sepal_length<6.466 2.482<=sepal_width<2.6025 1.4255<=petal_width<1.546 -> 4.3<=sepal_length<4.4805 4.4805<=sepal_length<4.661 4.661<=sepal_length<4.8415 4.8415<=sepal_length<5.022 5.022<=sepal_length<5.2025 5.2025<=sepal_length<5.383 5.383<=sepal_length<5.5635 5.5635<=sepal_length<5.744 5.744<=sepal_length<5.9245 5.9245<=sepal_length<6.105 2.241<=sepal_width<2.3615 2.6025<=sepal_width<2.723 2.723<=sepal_width<2.8435 3.6595<=petal_length<3.955)
	* (6.2855<=sepal_length<6.466 1.4255<=petal_width<1.546 -> 4.3<=sepal_length<4.4805 4.4805<=sepal_length<4.661 4.661<=sepal_length<4.8415 4.8415<=sepal_length<5.022 5.022<=sepal_length<5.2025 5.2025<=sepal_length<5.383 5.383<=sepal_length<5.5635 5.5635<=sepal_length<5.744 5.744<=sepal_length<5.9245 5.9245<=sepal_length<6.105 2.241<=sepal_width<2.3615 2.482<=sepal_width<2.6025 2.6025<=sepal_width<2.723 2.723<=sepal_width<2.8435 3.6595<=petal_length<3.955)
	* (2.723<=sepal_width<2.8435 1.4255<=petal_width<1.546 -> 4.3<=sepal_length<4.4805 4.4805<=sepal_length<4.661 4.661<=sepal_length<4.8415 4.8415<=sepal_length<5.022 5.022<=sepal_length<5.2025 5.2025<=sepal_length<5.383 5.383<=sepal_length<5.5635 5.5635<=sepal_length<5.744 5.744<=sepal_length<5.9245 5.9245<=sepal_length<6.105 6.2855<=sepal_length<6.466 2.241<=sepal_width<2.3615 2.482<=sepal_width<2.6025 2.6025<=sepal_width<2.723 3.6595<=petal_length<3.955)
	* (1.4255<=petal_width<1.546 -> 4.3<=sepal_length<4.4805 4.4805<=sepal_length<4.661 4.661<=sepal_length<4.8415 4.8415<=sepal_length<5.022 5.022<=sepal_length<5.2025 5.2025<=sepal_length<5.383 5.383<=sepal_length<5.5635 5.5635<=sepal_length<5.744 5.744<=sepal_length<5.9245 5.9245<=sepal_length<6.105 6.2855<=sepal_length<6.466 2.241<=sepal_width<2.3615 2.482<=sepal_width<2.6025 2.6025<=sepal_width<2.723 2.723<=sepal_width<2.8435 3.6595<=petal_length<3.955)

+++ Statistics:
    ===========
+++ true  positive (tp)  = 25
+++ true  negative (tn)  = 24
+++ false positive (fp)  = 20
+++ false negative (fn)  = 4
+++ sensitivity    (tpr) = 86.2069 %	 [tp / (tp + fn)]
+++ miss rate      (fnr) = 13.7931 %	 [fn / (fn + tp)]
+++ fall-out       (fnr) = 45.4545 %	 [fp / (fp + tn)]
+++ specificity    (tnr) = 54.5455 %	 [tn / (tn + fp)]
+++ precision      (ppv) = 55.5556 %	 [tp / (tp + fp)]
+++ accuracy       (acc) = 67.1233 %	 [(tp + tn) / (tp + tn + fp +fn)]
+++ F_1 score      (F_1) = 67.5676 %	 [tp / (tp + 0.5 * (fp +fn))]
