@@@ Parameters:
@@@ ===========
@@@ version       = 1.04f-danube-check
@@@ input         = ba.chk
@@@ header        = ba.hdr
@@@ output        = ba-bij_genuine.out
@@@ var. offset   = 0
@@@ print matrix  = undefined (will be changed)
@@@ print formula = mixed
@@@ formula input = ba-bij_genuine.log

+++ Own names for variables
@@@ print matrix  = hide (redefined)
+++ Arity = 80
+++ Group forged [71]:
+++ Group genuine [66]:
+++ Number of groups = 2

+++ Satisfying: genuine
+++ Falsifying: forged

+++ Formula [20] =
	  (wti_variance<-4.96206||wti_variance>=-4.26872 + wti_curtosis<2.83863||wti_curtosis>=3.9993)
	* (wti_variance<-2.18868||wti_variance>=-1.49534 + wti_curtosis<2.83863||wti_curtosis>=3.9993)
	* (wti_variance<-0.108645||wti_variance>=0.584701 + wti_curtosis<2.83863||wti_curtosis>=3.9993)
	* (wti_variance<-0.108645||wti_variance>=0.584701 + wti_curtosis<3.9993||wti_curtosis>=5.15998)
	* (wti_variance<0.584701||wti_variance>=1.27805 + wti_skewness<-7.09192||wti_skewness>=-5.75569)
	* (wti_variance<0.584701||wti_variance>=1.27805 + wti_skewness<-5.75569||wti_skewness>=-4.41945)
	* (wti_variance<0.584701||wti_variance>=1.27805 + wti_skewness<-1.74698||wti_skewness>=-0.410745)
	* (wti_variance<0.584701||wti_variance>=1.27805 + wti_curtosis<1.67795||wti_curtosis>=2.83863)
	* (wti_variance<0.584701||wti_variance>=1.27805 + wti_curtosis<3.9993||wti_curtosis>=5.15998)
	* (wti_skewness<-1.74698||wti_skewness>=-0.410745 + wti_curtosis<3.9993||wti_curtosis>=5.15998)
	* (wti_skewness<-0.410745||wti_skewness>=0.92549 + wti_curtosis<3.9993||wti_curtosis>=5.15998)
	* (wti_skewness<0.92549||wti_skewness>=2.26173 + wti_curtosis<1.67795||wti_curtosis>=2.83863)
	* (wti_skewness<0.92549||wti_skewness>=2.26173 + wti_curtosis<2.83863||wti_curtosis>=3.9993)
	* (wti_skewness<0.92549||wti_skewness>=2.26173 + wti_curtosis<3.9993||wti_curtosis>=5.15998)
	* (wti_skewness<2.26173||wti_skewness>=3.59796 + wti_curtosis<1.67795||wti_curtosis>=2.83863)
	* (wti_skewness<2.26173||wti_skewness>=3.59796 + wti_curtosis<2.83863||wti_curtosis>=3.9993)
	* (wti_skewness<2.26173||wti_skewness>=3.59796 + wti_curtosis<3.9993||wti_curtosis>=5.15998)
	* (wti_skewness<3.59796||wti_skewness>=4.9342 + wti_curtosis<0.517277||wti_curtosis>=1.67795)
	* (wti_skewness<3.59796||wti_skewness>=4.9342 + wti_curtosis<1.67795||wti_curtosis>=2.83863)
	* (wti_skewness<3.59796||wti_skewness>=4.9342 + wti_curtosis<2.83863||wti_curtosis>=3.9993)

+++ Statistics:
    ===========
+++ true  positive (tp)  = 66
+++ true  negative (tn)  = 7
+++ false positive (fp)  = 64
+++ false negative (fn)  = 0
+++ sensitivity    (tpr) = 100     %	 [tp / (tp + fn)]
+++ miss rate      (fnr) = 0       %	 [fn / (fn + tp)]
+++ fall-out       (fnr) = 90.1408 %	 [fp / (fp + tn)]
+++ specificity    (tnr) = 9.85915 %	 [tn / (tn + fp)]
+++ precision      (ppv) = 50.7692 %	 [tp / (tp + fp)]
+++ accuracy       (acc) = 53.2847 %	 [(tp + tn) / (tp + tn + fp +fn)]
+++ F_1 score      (F_1) = 67.3469 %	 [tp / (tp + 0.5 * (fp +fn))]
